{"C:\\Users\\HP\\Documents\\projects\\architectural-infrastructure\\accounts\\services\\auth\\src\\app.ts": {"path":"C:\\Users\\HP\\Documents\\projects\\architectural-infrastructure\\accounts\\services\\auth\\src\\app.ts","all":false,"statementMap":{"0":{"start":{"line":1,"column":0},"end":{"line":1,"column":29}},"5":{"start":{"line":6,"column":0},"end":{"line":6,"column":54}},"6":{"start":{"line":7,"column":0},"end":{"line":7,"column":39}},"8":{"start":{"line":9,"column":0},"end":{"line":9,"column":53}},"9":{"start":{"line":10,"column":0},"end":{"line":10,"column":44}},"10":{"start":{"line":11,"column":0},"end":{"line":11,"column":38}},"11":{"start":{"line":12,"column":0},"end":{"line":12,"column":38}},"12":{"start":{"line":13,"column":0},"end":{"line":13,"column":4}},"14":{"start":{"line":15,"column":0},"end":{"line":15,"column":28}},"15":{"start":{"line":16,"column":0},"end":{"line":16,"column":27}},"17":{"start":{"line":18,"column":0},"end":{"line":18,"column":12}},"18":{"start":{"line":19,"column":0},"end":{"line":19,"column":1}}},"s":{"0":1,"5":5,"6":5,"8":5,"9":0,"10":0,"11":0,"12":0,"14":5,"15":5,"17":5,"18":5},"branchMap":{"0":{"type":"branch","line":6,"loc":{"start":{"line":6,"column":0},"end":{"line":19,"column":1}},"locations":[{"start":{"line":6,"column":0},"end":{"line":19,"column":1}}]},"1":{"type":"branch","line":9,"loc":{"start":{"line":9,"column":23},"end":{"line":13,"column":4}},"locations":[{"start":{"line":9,"column":23},"end":{"line":13,"column":4}}]}},"b":{"0":[5],"1":[0]},"fnMap":{"0":{"name":"buildAuthApp","decl":{"start":{"line":6,"column":0},"end":{"line":19,"column":1}},"loc":{"start":{"line":6,"column":0},"end":{"line":19,"column":1}},"line":6}},"f":{"0":5}}
,"C:\\Users\\HP\\Documents\\projects\\architectural-infrastructure\\accounts\\services\\auth\\src\\lib\\audit.ts": {"path":"C:\\Users\\HP\\Documents\\projects\\architectural-infrastructure\\accounts\\services\\auth\\src\\lib\\audit.ts","all":false,"statementMap":{"35":{"start":{"line":36,"column":0},"end":{"line":36,"column":36}},"36":{"start":{"line":37,"column":0},"end":{"line":37,"column":21}},"37":{"start":{"line":38,"column":0},"end":{"line":38,"column":28}},"38":{"start":{"line":39,"column":0},"end":{"line":39,"column":21}},"39":{"start":{"line":40,"column":0},"end":{"line":40,"column":18}},"41":{"start":{"line":42,"column":0},"end":{"line":42,"column":15}},"42":{"start":{"line":43,"column":0},"end":{"line":43,"column":27}},"43":{"start":{"line":44,"column":0},"end":{"line":44,"column":28}},"44":{"start":{"line":45,"column":0},"end":{"line":45,"column":24}},"45":{"start":{"line":46,"column":0},"end":{"line":46,"column":31}},"46":{"start":{"line":47,"column":0},"end":{"line":47,"column":29}},"47":{"start":{"line":48,"column":0},"end":{"line":48,"column":18}},"48":{"start":{"line":49,"column":0},"end":{"line":49,"column":4}},"51":{"start":{"line":52,"column":0},"end":{"line":52,"column":7}},"52":{"start":{"line":53,"column":0},"end":{"line":53,"column":46}},"53":{"start":{"line":54,"column":0},"end":{"line":54,"column":15}},"54":{"start":{"line":55,"column":0},"end":{"line":55,"column":42}},"55":{"start":{"line":56,"column":0},"end":{"line":56,"column":6}},"56":{"start":{"line":57,"column":0},"end":{"line":57,"column":17}},"57":{"start":{"line":58,"column":0},"end":{"line":58,"column":63}},"58":{"start":{"line":59,"column":0},"end":{"line":59,"column":3}},"59":{"start":{"line":60,"column":0},"end":{"line":60,"column":1}}},"s":{"35":3,"36":3,"37":3,"38":3,"39":3,"41":3,"42":3,"43":3,"44":3,"45":3,"46":3,"47":3,"48":3,"51":3,"52":3,"53":3,"54":3,"55":3,"56":3,"57":3,"58":3,"59":3},"branchMap":{"0":{"type":"branch","line":36,"loc":{"start":{"line":36,"column":0},"end":{"line":60,"column":1}},"locations":[{"start":{"line":36,"column":0},"end":{"line":60,"column":1}}]},"1":{"type":"branch","line":56,"loc":{"start":{"line":56,"column":5},"end":{"line":57,"column":11}},"locations":[{"start":{"line":56,"column":5},"end":{"line":57,"column":11}}]}},"b":{"0":[3],"1":[0]},"fnMap":{"0":{"name":"writeAuditLog","decl":{"start":{"line":36,"column":0},"end":{"line":60,"column":1}},"loc":{"start":{"line":36,"column":0},"end":{"line":60,"column":1}},"line":36}},"f":{"0":3}}
,"C:\\Users\\HP\\Documents\\projects\\architectural-infrastructure\\accounts\\services\\auth\\src\\lib\\mfa.ts": {"path":"C:\\Users\\HP\\Documents\\projects\\architectural-infrastructure\\accounts\\services\\auth\\src\\lib\\mfa.ts","all":false,"statementMap":{"0":{"start":{"line":1,"column":0},"end":{"line":1,"column":31}},"9":{"start":{"line":10,"column":0},"end":{"line":10,"column":51}},"10":{"start":{"line":11,"column":0},"end":{"line":11,"column":33}},"11":{"start":{"line":12,"column":0},"end":{"line":12,"column":81}},"12":{"start":{"line":13,"column":0},"end":{"line":13,"column":31}},"13":{"start":{"line":14,"column":0},"end":{"line":14,"column":1}},"19":{"start":{"line":20,"column":0},"end":{"line":20,"column":71}},"21":{"start":{"line":22,"column":0},"end":{"line":22,"column":52}},"22":{"start":{"line":23,"column":0},"end":{"line":23,"column":21}},"23":{"start":{"line":24,"column":0},"end":{"line":24,"column":1}},"28":{"start":{"line":29,"column":0},"end":{"line":29,"column":49}},"29":{"start":{"line":30,"column":0},"end":{"line":30,"column":28}},"30":{"start":{"line":31,"column":0},"end":{"line":31,"column":32}},"32":{"start":{"line":33,"column":0},"end":{"line":33,"column":89}},"33":{"start":{"line":34,"column":0},"end":{"line":34,"column":20}},"34":{"start":{"line":35,"column":0},"end":{"line":35,"column":3}},"35":{"start":{"line":36,"column":0},"end":{"line":36,"column":14}},"36":{"start":{"line":37,"column":0},"end":{"line":37,"column":1}}},"s":{"0":1,"9":1,"10":0,"11":0,"12":0,"13":0,"19":1,"21":0,"22":0,"23":0,"28":1,"29":0,"30":0,"32":0,"33":0,"34":0,"35":0,"36":0},"branchMap":{},"b":{},"fnMap":{"0":{"name":"generateTotpSecret","decl":{"start":{"line":10,"column":7},"end":{"line":14,"column":1}},"loc":{"start":{"line":10,"column":7},"end":{"line":14,"column":1}},"line":10},"1":{"name":"verifyTotpCode","decl":{"start":{"line":20,"column":7},"end":{"line":24,"column":1}},"loc":{"start":{"line":20,"column":7},"end":{"line":24,"column":1}},"line":20},"2":{"name":"generateBackupCodes","decl":{"start":{"line":29,"column":7},"end":{"line":37,"column":1}},"loc":{"start":{"line":29,"column":7},"end":{"line":37,"column":1}},"line":29}},"f":{"0":0,"1":0,"2":0}}
,"C:\\Users\\HP\\Documents\\projects\\architectural-infrastructure\\accounts\\services\\auth\\src\\lib\\password.ts": {"path":"C:\\Users\\HP\\Documents\\projects\\architectural-infrastructure\\accounts\\services\\auth\\src\\lib\\password.ts","all":false,"statementMap":{"0":{"start":{"line":1,"column":0},"end":{"line":1,"column":36}},"3":{"start":{"line":4,"column":0},"end":{"line":4,"column":40}},"4":{"start":{"line":5,"column":0},"end":{"line":5,"column":31}},"5":{"start":{"line":6,"column":0},"end":{"line":6,"column":31}},"6":{"start":{"line":7,"column":0},"end":{"line":7,"column":17}},"7":{"start":{"line":8,"column":0},"end":{"line":8,"column":17}},"8":{"start":{"line":9,"column":0},"end":{"line":9,"column":1}},"14":{"start":{"line":15,"column":0},"end":{"line":15,"column":71}},"15":{"start":{"line":16,"column":0},"end":{"line":16,"column":46}},"16":{"start":{"line":17,"column":0},"end":{"line":17,"column":1}},"22":{"start":{"line":23,"column":0},"end":{"line":23,"column":88}},"23":{"start":{"line":24,"column":0},"end":{"line":24,"column":7}},"24":{"start":{"line":25,"column":0},"end":{"line":25,"column":46}},"25":{"start":{"line":26,"column":0},"end":{"line":26,"column":11}},"26":{"start":{"line":27,"column":0},"end":{"line":27,"column":16}},"27":{"start":{"line":28,"column":0},"end":{"line":28,"column":3}},"28":{"start":{"line":29,"column":0},"end":{"line":29,"column":1}}},"s":{"0":1,"3":1,"4":1,"5":1,"6":1,"7":1,"8":1,"14":1,"15":1,"16":1,"22":0,"23":0,"24":0,"25":0,"26":0,"27":0,"28":0},"branchMap":{"0":{"type":"branch","line":15,"loc":{"start":{"line":15,"column":0},"end":{"line":17,"column":1}},"locations":[{"start":{"line":15,"column":0},"end":{"line":17,"column":1}}]}},"b":{"0":[1]},"fnMap":{"0":{"name":"hashPassword","decl":{"start":{"line":15,"column":0},"end":{"line":17,"column":1}},"loc":{"start":{"line":15,"column":0},"end":{"line":17,"column":1}},"line":15},"1":{"name":"verifyPassword","decl":{"start":{"line":23,"column":0},"end":{"line":29,"column":1}},"loc":{"start":{"line":23,"column":0},"end":{"line":29,"column":1}},"line":23}},"f":{"0":1,"1":0}}
,"C:\\Users\\HP\\Documents\\projects\\architectural-infrastructure\\accounts\\services\\auth\\src\\lib\\pkce.ts": {"path":"C:\\Users\\HP\\Documents\\projects\\architectural-infrastructure\\accounts\\services\\auth\\src\\lib\\pkce.ts","all":true,"statementMap":{"0":{"start":{"line":1,"column":0},"end":{"line":1,"column":32}},"7":{"start":{"line":8,"column":0},"end":{"line":8,"column":36}},"8":{"start":{"line":9,"column":0},"end":{"line":9,"column":24}},"9":{"start":{"line":10,"column":0},"end":{"line":10,"column":24}},"10":{"start":{"line":11,"column":0},"end":{"line":11,"column":12}},"11":{"start":{"line":12,"column":0},"end":{"line":12,"column":73}},"13":{"start":{"line":14,"column":0},"end":{"line":14,"column":37}},"14":{"start":{"line":15,"column":0},"end":{"line":15,"column":25}},"15":{"start":{"line":16,"column":0},"end":{"line":16,"column":24}},"17":{"start":{"line":18,"column":0},"end":{"line":18,"column":33}},"18":{"start":{"line":19,"column":0},"end":{"line":19,"column":1}},"23":{"start":{"line":24,"column":0},"end":{"line":24,"column":44}},"24":{"start":{"line":25,"column":0},"end":{"line":25,"column":46}},"25":{"start":{"line":26,"column":0},"end":{"line":26,"column":1}}},"s":{"0":0,"7":0,"8":0,"9":0,"10":0,"11":0,"13":0,"14":0,"15":0,"17":0,"18":0,"23":0,"24":0,"25":0},"branchMap":{"0":{"type":"branch","line":1,"loc":{"start":{"line":1,"column":731},"end":{"line":26,"column":1}},"locations":[{"start":{"line":1,"column":731},"end":{"line":26,"column":1}}]}},"b":{"0":[0]},"fnMap":{"0":{"name":"(empty-report)","decl":{"start":{"line":1,"column":731},"end":{"line":26,"column":1}},"loc":{"start":{"line":1,"column":731},"end":{"line":26,"column":1}},"line":1}},"f":{"0":0}}
,"C:\\Users\\HP\\Documents\\projects\\architectural-infrastructure\\accounts\\services\\auth\\src\\lib\\rate-limit.ts": {"path":"C:\\Users\\HP\\Documents\\projects\\architectural-infrastructure\\accounts\\services\\auth\\src\\lib\\rate-limit.ts","all":false,"statementMap":{"8":{"start":{"line":9,"column":0},"end":{"line":9,"column":28}},"9":{"start":{"line":10,"column":0},"end":{"line":10,"column":84}},"10":{"start":{"line":11,"column":0},"end":{"line":11,"column":84}},"11":{"start":{"line":12,"column":0},"end":{"line":12,"column":84}},"12":{"start":{"line":13,"column":0},"end":{"line":13,"column":84}},"13":{"start":{"line":14,"column":0},"end":{"line":14,"column":84}},"14":{"start":{"line":15,"column":0},"end":{"line":15,"column":10}},"20":{"start":{"line":21,"column":0},"end":{"line":21,"column":37}},"21":{"start":{"line":22,"column":0},"end":{"line":22,"column":19}},"22":{"start":{"line":23,"column":0},"end":{"line":23,"column":15}},"23":{"start":{"line":24,"column":0},"end":{"line":24,"column":24}},"24":{"start":{"line":25,"column":0},"end":{"line":25,"column":55}},"25":{"start":{"line":26,"column":0},"end":{"line":26,"column":27}},"27":{"start":{"line":28,"column":0},"end":{"line":28,"column":21}},"28":{"start":{"line":29,"column":0},"end":{"line":29,"column":7}},"29":{"start":{"line":30,"column":0},"end":{"line":30,"column":42}},"30":{"start":{"line":31,"column":0},"end":{"line":31,"column":39}},"31":{"start":{"line":32,"column":0},"end":{"line":32,"column":11}},"32":{"start":{"line":33,"column":0},"end":{"line":33,"column":15}},"33":{"start":{"line":34,"column":0},"end":{"line":34,"column":3}},"35":{"start":{"line":36,"column":0},"end":{"line":36,"column":35}},"36":{"start":{"line":37,"column":0},"end":{"line":37,"column":60}},"37":{"start":{"line":38,"column":0},"end":{"line":38,"column":3}},"39":{"start":{"line":40,"column":0},"end":{"line":40,"column":75}},"40":{"start":{"line":41,"column":0},"end":{"line":41,"column":26}},"41":{"start":{"line":42,"column":0},"end":{"line":42,"column":1}}},"s":{"8":1,"9":1,"10":1,"11":1,"12":1,"13":1,"14":1,"20":3,"21":3,"22":3,"23":3,"24":3,"25":3,"27":3,"28":3,"29":3,"30":3,"31":3,"32":0,"33":0,"35":3,"36":0,"37":0,"39":3,"40":3,"41":3},"branchMap":{"0":{"type":"branch","line":21,"loc":{"start":{"line":21,"column":0},"end":{"line":42,"column":1}},"locations":[{"start":{"line":21,"column":0},"end":{"line":42,"column":1}}]},"1":{"type":"branch","line":31,"loc":{"start":{"line":31,"column":14},"end":{"line":31,"column":38}},"locations":[{"start":{"line":31,"column":14},"end":{"line":31,"column":38}}]},"2":{"type":"branch","line":32,"loc":{"start":{"line":32,"column":2},"end":{"line":34,"column":3}},"locations":[{"start":{"line":32,"column":2},"end":{"line":34,"column":3}}]},"3":{"type":"branch","line":36,"loc":{"start":{"line":36,"column":34},"end":{"line":38,"column":3}},"locations":[{"start":{"line":36,"column":34},"end":{"line":38,"column":3}}]}},"b":{"0":[3],"1":[0],"2":[0],"3":[0]},"fnMap":{"0":{"name":"checkRateLimit","decl":{"start":{"line":21,"column":0},"end":{"line":42,"column":1}},"loc":{"start":{"line":21,"column":0},"end":{"line":42,"column":1}},"line":21}},"f":{"0":3}}
,"C:\\Users\\HP\\Documents\\projects\\architectural-infrastructure\\accounts\\services\\auth\\src\\lib\\token.ts": {"path":"C:\\Users\\HP\\Documents\\projects\\architectural-infrastructure\\accounts\\services\\auth\\src\\lib\\token.ts","all":false,"statementMap":{"0":{"start":{"line":1,"column":0},"end":{"line":1,"column":33}},"14":{"start":{"line":15,"column":0},"end":{"line":15,"column":38}},"15":{"start":{"line":16,"column":0},"end":{"line":16,"column":33}},"17":{"start":{"line":18,"column":0},"end":{"line":18,"column":55}},"18":{"start":{"line":19,"column":0},"end":{"line":19,"column":26}},"19":{"start":{"line":20,"column":0},"end":{"line":20,"column":84}},"20":{"start":{"line":21,"column":0},"end":{"line":21,"column":38}},"21":{"start":{"line":22,"column":0},"end":{"line":22,"column":56}},"24":{"start":{"line":25,"column":0},"end":{"line":25,"column":54}},"26":{"start":{"line":27,"column":0},"end":{"line":27,"column":34}},"27":{"start":{"line":28,"column":0},"end":{"line":28,"column":72}},"28":{"start":{"line":29,"column":0},"end":{"line":29,"column":1}},"30":{"start":{"line":31,"column":0},"end":{"line":31,"column":37}},"31":{"start":{"line":32,"column":0},"end":{"line":32,"column":90}},"32":{"start":{"line":33,"column":0},"end":{"line":33,"column":19}},"33":{"start":{"line":34,"column":0},"end":{"line":34,"column":1}},"35":{"start":{"line":36,"column":0},"end":{"line":36,"column":35}},"36":{"start":{"line":37,"column":0},"end":{"line":37,"column":91}},"37":{"start":{"line":38,"column":0},"end":{"line":38,"column":20}},"38":{"start":{"line":39,"column":0},"end":{"line":39,"column":1}},"48":{"start":{"line":49,"column":0},"end":{"line":49,"column":83}},"49":{"start":{"line":50,"column":0},"end":{"line":50,"column":26}},"50":{"start":{"line":51,"column":0},"end":{"line":51,"column":26}},"52":{"start":{"line":53,"column":0},"end":{"line":53,"column":22}},"53":{"start":{"line":54,"column":0},"end":{"line":54,"column":22}},"54":{"start":{"line":55,"column":0},"end":{"line":55,"column":24}},"55":{"start":{"line":56,"column":0},"end":{"line":56,"column":24}},"56":{"start":{"line":57,"column":0},"end":{"line":57,"column":8}},"57":{"start":{"line":58,"column":0},"end":{"line":58,"column":4}},"58":{"start":{"line":59,"column":0},"end":{"line":59,"column":59}},"59":{"start":{"line":60,"column":0},"end":{"line":60,"column":34}},"60":{"start":{"line":61,"column":0},"end":{"line":61,"column":56}},"61":{"start":{"line":62,"column":0},"end":{"line":62,"column":18}},"62":{"start":{"line":63,"column":0},"end":{"line":63,"column":50}},"63":{"start":{"line":64,"column":0},"end":{"line":64,"column":26}},"64":{"start":{"line":65,"column":0},"end":{"line":65,"column":1}},"66":{"start":{"line":67,"column":0},"end":{"line":67,"column":63}},"69":{"start":{"line":70,"column":0},"end":{"line":70,"column":21}},"70":{"start":{"line":71,"column":0},"end":{"line":71,"column":26}},"72":{"start":{"line":73,"column":0},"end":{"line":73,"column":22}},"73":{"start":{"line":74,"column":0},"end":{"line":74,"column":31}},"74":{"start":{"line":75,"column":0},"end":{"line":75,"column":33}},"75":{"start":{"line":76,"column":0},"end":{"line":76,"column":50}},"76":{"start":{"line":77,"column":0},"end":{"line":77,"column":32}},"77":{"start":{"line":78,"column":0},"end":{"line":78,"column":33}},"78":{"start":{"line":79,"column":0},"end":{"line":79,"column":4}},"79":{"start":{"line":80,"column":0},"end":{"line":80,"column":59}},"80":{"start":{"line":81,"column":0},"end":{"line":81,"column":34}},"81":{"start":{"line":82,"column":0},"end":{"line":82,"column":28}},"82":{"start":{"line":83,"column":0},"end":{"line":83,"column":18}},"83":{"start":{"line":84,"column":0},"end":{"line":84,"column":28}},"84":{"start":{"line":85,"column":0},"end":{"line":85,"column":26}},"85":{"start":{"line":86,"column":0},"end":{"line":86,"column":1}},"89":{"start":{"line":90,"column":0},"end":{"line":90,"column":47}},"90":{"start":{"line":91,"column":0},"end":{"line":91,"column":72}},"91":{"start":{"line":92,"column":0},"end":{"line":92,"column":1}}},"s":{"0":1,"14":1,"15":1,"17":1,"18":1,"19":1,"20":1,"21":1,"24":1,"26":1,"27":1,"28":1,"30":1,"31":0,"32":0,"33":0,"35":1,"36":1,"37":1,"38":1,"48":1,"49":1,"50":1,"52":1,"53":1,"54":1,"55":1,"56":1,"57":1,"58":1,"59":1,"60":1,"61":1,"62":1,"63":1,"64":1,"66":0,"69":0,"70":0,"72":0,"73":0,"74":0,"75":0,"76":0,"77":0,"78":0,"79":0,"80":0,"81":0,"82":0,"83":0,"84":0,"85":0,"89":1,"90":1,"91":1},"branchMap":{"0":{"type":"branch","line":18,"loc":{"start":{"line":18,"column":0},"end":{"line":29,"column":1}},"locations":[{"start":{"line":18,"column":0},"end":{"line":29,"column":1}}]},"1":{"type":"branch","line":36,"loc":{"start":{"line":36,"column":0},"end":{"line":39,"column":1}},"locations":[{"start":{"line":36,"column":0},"end":{"line":39,"column":1}}]},"2":{"type":"branch","line":37,"loc":{"start":{"line":37,"column":20},"end":{"line":37,"column":91}},"locations":[{"start":{"line":37,"column":20},"end":{"line":37,"column":91}}]},"3":{"type":"branch","line":49,"loc":{"start":{"line":49,"column":0},"end":{"line":65,"column":1}},"locations":[{"start":{"line":49,"column":0},"end":{"line":65,"column":1}}]},"4":{"type":"branch","line":90,"loc":{"start":{"line":90,"column":7},"end":{"line":92,"column":1}},"locations":[{"start":{"line":90,"column":7},"end":{"line":92,"column":1}}]}},"b":{"0":[1],"1":[1],"2":[0],"3":[1],"4":[1]},"fnMap":{"0":{"name":"loadSigningKey","decl":{"start":{"line":18,"column":0},"end":{"line":29,"column":1}},"loc":{"start":{"line":18,"column":0},"end":{"line":29,"column":1}},"line":18},"1":{"name":"getPublicJwk","decl":{"start":{"line":31,"column":7},"end":{"line":34,"column":1}},"loc":{"start":{"line":31,"column":7},"end":{"line":34,"column":1}},"line":31},"2":{"name":"getPrivateKey","decl":{"start":{"line":36,"column":0},"end":{"line":39,"column":1}},"loc":{"start":{"line":36,"column":0},"end":{"line":39,"column":1}},"line":36},"3":{"name":"signAccessToken","decl":{"start":{"line":49,"column":0},"end":{"line":65,"column":1}},"loc":{"start":{"line":49,"column":0},"end":{"line":65,"column":1}},"line":49},"4":{"name":"signIdToken","decl":{"start":{"line":67,"column":0},"end":{"line":86,"column":1}},"loc":{"start":{"line":67,"column":0},"end":{"line":86,"column":1}},"line":67},"5":{"name":"generateOpaqueToken","decl":{"start":{"line":90,"column":7},"end":{"line":92,"column":1}},"loc":{"start":{"line":90,"column":7},"end":{"line":92,"column":1}},"line":90}},"f":{"0":1,"1":0,"2":1,"3":1,"4":0,"5":1}}
,"C:\\Users\\HP\\Documents\\projects\\architectural-infrastructure\\accounts\\services\\auth\\src\\plugins\\index.ts": {"path":"C:\\Users\\HP\\Documents\\projects\\architectural-infrastructure\\accounts\\services\\auth\\src\\plugins\\index.ts","all":false,"statementMap":{"0":{"start":{"line":1,"column":0},"end":{"line":1,"column":37}},"4":{"start":{"line":5,"column":0},"end":{"line":5,"column":76}},"5":{"start":{"line":6,"column":0},"end":{"line":6,"column":26}},"8":{"start":{"line":9,"column":0},"end":{"line":9,"column":47}},"9":{"start":{"line":10,"column":0},"end":{"line":10,"column":74}},"10":{"start":{"line":11,"column":0},"end":{"line":11,"column":22}},"11":{"start":{"line":12,"column":0},"end":{"line":12,"column":4}},"14":{"start":{"line":15,"column":0},"end":{"line":15,"column":49}},"15":{"start":{"line":16,"column":0},"end":{"line":16,"column":30}},"16":{"start":{"line":17,"column":0},"end":{"line":17,"column":24}},"17":{"start":{"line":18,"column":0},"end":{"line":18,"column":4}},"20":{"start":{"line":21,"column":0},"end":{"line":21,"column":47}},"21":{"start":{"line":22,"column":0},"end":{"line":22,"column":22}},"23":{"start":{"line":24,"column":0},"end":{"line":24,"column":56}},"24":{"start":{"line":25,"column":0},"end":{"line":25,"column":5}},"25":{"start":{"line":26,"column":0},"end":{"line":26,"column":4}},"27":{"start":{"line":28,"column":0},"end":{"line":28,"column":36}},"28":{"start":{"line":29,"column":0},"end":{"line":29,"column":1}}},"s":{"0":1,"4":5,"5":5,"8":5,"9":5,"10":5,"11":5,"14":5,"15":5,"16":5,"17":5,"20":5,"21":5,"23":0,"24":0,"25":5,"27":5,"28":5},"branchMap":{"0":{"type":"branch","line":5,"loc":{"start":{"line":5,"column":0},"end":{"line":29,"column":1}},"locations":[{"start":{"line":5,"column":0},"end":{"line":29,"column":1}}]},"1":{"type":"branch","line":10,"loc":{"start":{"line":10,"column":57},"end":{"line":10,"column":72}},"locations":[{"start":{"line":10,"column":57},"end":{"line":10,"column":72}}]},"2":{"type":"branch","line":21,"loc":{"start":{"line":21,"column":27},"end":{"line":26,"column":3}},"locations":[{"start":{"line":21,"column":27},"end":{"line":26,"column":3}}]},"3":{"type":"branch","line":22,"loc":{"start":{"line":22,"column":21},"end":{"line":25,"column":5}},"locations":[{"start":{"line":22,"column":21},"end":{"line":25,"column":5}}]}},"b":{"0":[5],"1":[5],"2":[5],"3":[0]},"fnMap":{"0":{"name":"registerPlugins","decl":{"start":{"line":5,"column":0},"end":{"line":29,"column":1}},"loc":{"start":{"line":5,"column":0},"end":{"line":29,"column":1}},"line":5}},"f":{"0":5}}
,"C:\\Users\\HP\\Documents\\projects\\architectural-infrastructure\\accounts\\services\\auth\\src\\routes\\index.ts": {"path":"C:\\Users\\HP\\Documents\\projects\\architectural-infrastructure\\accounts\\services\\auth\\src\\routes\\index.ts","all":false,"statementMap":{"0":{"start":{"line":1,"column":0},"end":{"line":1,"column":36}},"15":{"start":{"line":16,"column":0},"end":{"line":16,"column":38}},"16":{"start":{"line":17,"column":0},"end":{"line":17,"column":42}},"18":{"start":{"line":19,"column":0},"end":{"line":19,"column":60}},"20":{"start":{"line":21,"column":0},"end":{"line":21,"column":32}},"23":{"start":{"line":24,"column":0},"end":{"line":24,"column":48}},"24":{"start":{"line":25,"column":0},"end":{"line":25,"column":9}},"26":{"start":{"line":27,"column":0},"end":{"line":27,"column":60}},"27":{"start":{"line":28,"column":0},"end":{"line":28,"column":64}},"28":{"start":{"line":29,"column":0},"end":{"line":29,"column":19}},"29":{"start":{"line":30,"column":0},"end":{"line":30,"column":78}},"30":{"start":{"line":31,"column":0},"end":{"line":31,"column":110}},"31":{"start":{"line":32,"column":0},"end":{"line":32,"column":5}},"32":{"start":{"line":33,"column":0},"end":{"line":33,"column":4}},"35":{"start":{"line":36,"column":0},"end":{"line":36,"column":49}},"36":{"start":{"line":37,"column":0},"end":{"line":37,"column":9}},"37":{"start":{"line":38,"column":0},"end":{"line":38,"column":56}},"38":{"start":{"line":39,"column":0},"end":{"line":39,"column":37}},"39":{"start":{"line":40,"column":0},"end":{"line":40,"column":19}},"40":{"start":{"line":41,"column":0},"end":{"line":41,"column":40}},"41":{"start":{"line":42,"column":0},"end":{"line":42,"column":5}},"42":{"start":{"line":43,"column":0},"end":{"line":43,"column":4}},"45":{"start":{"line":46,"column":0},"end":{"line":46,"column":32}},"46":{"start":{"line":47,"column":0},"end":{"line":47,"column":29}},"47":{"start":{"line":48,"column":0},"end":{"line":48,"column":31}},"48":{"start":{"line":49,"column":0},"end":{"line":49,"column":30}},"51":{"start":{"line":52,"column":0},"end":{"line":52,"column":33}},"52":{"start":{"line":53,"column":0},"end":{"line":53,"column":33}},"53":{"start":{"line":54,"column":0},"end":{"line":54,"column":35}},"56":{"start":{"line":57,"column":0},"end":{"line":57,"column":33}},"57":{"start":{"line":58,"column":0},"end":{"line":58,"column":30}},"58":{"start":{"line":59,"column":0},"end":{"line":59,"column":29}},"59":{"start":{"line":60,"column":0},"end":{"line":60,"column":1}}},"s":{"0":1,"15":1,"16":1,"18":5,"20":5,"23":5,"24":1,"26":1,"27":1,"28":1,"29":0,"30":0,"31":0,"32":5,"35":5,"36":1,"37":1,"38":1,"39":1,"40":0,"41":0,"42":5,"45":5,"46":5,"47":5,"48":5,"51":5,"52":5,"53":5,"56":5,"57":5,"58":5,"59":5},"branchMap":{"0":{"type":"branch","line":19,"loc":{"start":{"line":19,"column":0},"end":{"line":60,"column":1}},"locations":[{"start":{"line":19,"column":0},"end":{"line":60,"column":1}}]},"1":{"type":"branch","line":24,"loc":{"start":{"line":24,"column":21},"end":{"line":33,"column":3}},"locations":[{"start":{"line":24,"column":21},"end":{"line":33,"column":3}}]},"2":{"type":"branch","line":29,"loc":{"start":{"line":29,"column":4},"end":{"line":32,"column":5}},"locations":[{"start":{"line":29,"column":4},"end":{"line":32,"column":5}}]},"3":{"type":"branch","line":36,"loc":{"start":{"line":36,"column":22},"end":{"line":43,"column":3}},"locations":[{"start":{"line":36,"column":22},"end":{"line":43,"column":3}}]},"4":{"type":"branch","line":40,"loc":{"start":{"line":40,"column":4},"end":{"line":42,"column":5}},"locations":[{"start":{"line":40,"column":4},"end":{"line":42,"column":5}}]}},"b":{"0":[5],"1":[1],"2":[0],"3":[1],"4":[0]},"fnMap":{"0":{"name":"registerRoutes","decl":{"start":{"line":19,"column":0},"end":{"line":60,"column":1}},"loc":{"start":{"line":19,"column":0},"end":{"line":60,"column":1}},"line":19}},"f":{"0":5}}
,"C:\\Users\\HP\\Documents\\projects\\architectural-infrastructure\\accounts\\services\\auth\\src\\routes\\login.ts": {"path":"C:\\Users\\HP\\Documents\\projects\\architectural-infrastructure\\accounts\\services\\auth\\src\\routes\\login.ts","all":false,"statementMap":{"0":{"start":{"line":1,"column":0},"end":{"line":1,"column":36}},"10":{"start":{"line":11,"column":0},"end":{"line":11,"column":34}},"11":{"start":{"line":12,"column":0},"end":{"line":12,"column":31}},"12":{"start":{"line":13,"column":0},"end":{"line":13,"column":30}},"13":{"start":{"line":14,"column":0},"end":{"line":14,"column":2}},"15":{"start":{"line":16,"column":0},"end":{"line":16,"column":91}},"16":{"start":{"line":17,"column":0},"end":{"line":17,"column":26}},"17":{"start":{"line":18,"column":0},"end":{"line":18,"column":22}},"18":{"start":{"line":19,"column":0},"end":{"line":19,"column":21}},"19":{"start":{"line":20,"column":0},"end":{"line":20,"column":54}},"20":{"start":{"line":21,"column":0},"end":{"line":21,"column":34}},"21":{"start":{"line":22,"column":0},"end":{"line":22,"column":20}},"22":{"start":{"line":23,"column":0},"end":{"line":23,"column":34}},"23":{"start":{"line":24,"column":0},"end":{"line":24,"column":3}},"24":{"start":{"line":25,"column":0},"end":{"line":25,"column":97}},"25":{"start":{"line":26,"column":0},"end":{"line":26,"column":98}},"26":{"start":{"line":27,"column":0},"end":{"line":27,"column":1}},"28":{"start":{"line":29,"column":0},"end":{"line":29,"column":89}},"29":{"start":{"line":30,"column":0},"end":{"line":30,"column":83}},"30":{"start":{"line":31,"column":0},"end":{"line":31,"column":32}},"31":{"start":{"line":32,"column":0},"end":{"line":32,"column":72}},"34":{"start":{"line":35,"column":0},"end":{"line":35,"column":80}},"35":{"start":{"line":36,"column":0},"end":{"line":36,"column":24}},"36":{"start":{"line":37,"column":0},"end":{"line":37,"column":58}},"37":{"start":{"line":38,"column":0},"end":{"line":38,"column":37}},"38":{"start":{"line":39,"column":0},"end":{"line":39,"column":37}},"39":{"start":{"line":40,"column":0},"end":{"line":40,"column":54}},"40":{"start":{"line":41,"column":0},"end":{"line":41,"column":30}},"41":{"start":{"line":42,"column":0},"end":{"line":42,"column":8}},"42":{"start":{"line":43,"column":0},"end":{"line":43,"column":5}},"45":{"start":{"line":46,"column":0},"end":{"line":46,"column":58}},"46":{"start":{"line":47,"column":0},"end":{"line":47,"column":26}},"47":{"start":{"line":48,"column":0},"end":{"line":48,"column":37}},"48":{"start":{"line":49,"column":0},"end":{"line":49,"column":33}},"49":{"start":{"line":50,"column":0},"end":{"line":50,"column":62}},"50":{"start":{"line":51,"column":0},"end":{"line":51,"column":30}},"51":{"start":{"line":52,"column":0},"end":{"line":52,"column":8}},"52":{"start":{"line":53,"column":0},"end":{"line":53,"column":5}},"54":{"start":{"line":55,"column":0},"end":{"line":55,"column":43}},"57":{"start":{"line":58,"column":0},"end":{"line":58,"column":47}},"58":{"start":{"line":59,"column":0},"end":{"line":59,"column":9}},"59":{"start":{"line":60,"column":0},"end":{"line":60,"column":45}},"60":{"start":{"line":61,"column":0},"end":{"line":61,"column":82}},"61":{"start":{"line":62,"column":0},"end":{"line":62,"column":51}},"62":{"start":{"line":63,"column":0},"end":{"line":63,"column":17}},"63":{"start":{"line":64,"column":0},"end":{"line":64,"column":18}},"64":{"start":{"line":65,"column":0},"end":{"line":65,"column":30}},"65":{"start":{"line":66,"column":0},"end":{"line":66,"column":19}},"66":{"start":{"line":67,"column":0},"end":{"line":67,"column":57}},"67":{"start":{"line":68,"column":0},"end":{"line":68,"column":92}},"68":{"start":{"line":69,"column":0},"end":{"line":69,"column":5}},"71":{"start":{"line":72,"column":0},"end":{"line":72,"column":85}},"72":{"start":{"line":73,"column":0},"end":{"line":73,"column":76}},"74":{"start":{"line":75,"column":0},"end":{"line":75,"column":26}},"75":{"start":{"line":76,"column":0},"end":{"line":76,"column":46}},"76":{"start":{"line":77,"column":0},"end":{"line":77,"column":71}},"77":{"start":{"line":78,"column":0},"end":{"line":78,"column":24}},"78":{"start":{"line":79,"column":0},"end":{"line":79,"column":8}},"79":{"start":{"line":80,"column":0},"end":{"line":80,"column":37}},"80":{"start":{"line":81,"column":0},"end":{"line":81,"column":49}},"81":{"start":{"line":82,"column":0},"end":{"line":82,"column":65}},"82":{"start":{"line":83,"column":0},"end":{"line":83,"column":37}},"83":{"start":{"line":84,"column":0},"end":{"line":84,"column":8}},"84":{"start":{"line":85,"column":0},"end":{"line":85,"column":5}},"87":{"start":{"line":88,"column":0},"end":{"line":88,"column":38}},"88":{"start":{"line":89,"column":0},"end":{"line":89,"column":37}},"89":{"start":{"line":90,"column":0},"end":{"line":90,"column":90}},"90":{"start":{"line":91,"column":0},"end":{"line":91,"column":30}},"91":{"start":{"line":92,"column":0},"end":{"line":92,"column":8}},"92":{"start":{"line":93,"column":0},"end":{"line":93,"column":5}},"95":{"start":{"line":96,"column":0},"end":{"line":96,"column":96}},"96":{"start":{"line":97,"column":0},"end":{"line":97,"column":26}},"97":{"start":{"line":98,"column":0},"end":{"line":98,"column":60}},"98":{"start":{"line":99,"column":0},"end":{"line":99,"column":92}},"99":{"start":{"line":100,"column":0},"end":{"line":100,"column":5}},"102":{"start":{"line":103,"column":0},"end":{"line":103,"column":46}},"103":{"start":{"line":104,"column":0},"end":{"line":104,"column":45}},"104":{"start":{"line":105,"column":0},"end":{"line":105,"column":30}},"107":{"start":{"line":108,"column":0},"end":{"line":108,"column":72}},"108":{"start":{"line":109,"column":0},"end":{"line":109,"column":60}},"109":{"start":{"line":110,"column":0},"end":{"line":110,"column":23}},"111":{"start":{"line":112,"column":0},"end":{"line":112,"column":46}},"112":{"start":{"line":113,"column":0},"end":{"line":113,"column":81}},"113":{"start":{"line":114,"column":0},"end":{"line":114,"column":24}},"114":{"start":{"line":115,"column":0},"end":{"line":115,"column":8}},"116":{"start":{"line":117,"column":0},"end":{"line":117,"column":66}},"117":{"start":{"line":118,"column":0},"end":{"line":118,"column":5}},"120":{"start":{"line":121,"column":0},"end":{"line":121,"column":37}},"121":{"start":{"line":122,"column":0},"end":{"line":122,"column":114}},"122":{"start":{"line":123,"column":0},"end":{"line":123,"column":46}},"124":{"start":{"line":125,"column":0},"end":{"line":125,"column":65}},"125":{"start":{"line":126,"column":0},"end":{"line":126,"column":41}},"126":{"start":{"line":127,"column":0},"end":{"line":127,"column":39}},"128":{"start":{"line":129,"column":0},"end":{"line":129,"column":48}},"130":{"start":{"line":131,"column":0},"end":{"line":131,"column":44}},"131":{"start":{"line":132,"column":0},"end":{"line":132,"column":94}},"132":{"start":{"line":133,"column":0},"end":{"line":133,"column":6}},"134":{"start":{"line":135,"column":0},"end":{"line":135,"column":35}},"135":{"start":{"line":136,"column":0},"end":{"line":136,"column":18}},"136":{"start":{"line":137,"column":0},"end":{"line":137,"column":19}},"137":{"start":{"line":138,"column":0},"end":{"line":138,"column":38}},"138":{"start":{"line":139,"column":0},"end":{"line":139,"column":26}},"139":{"start":{"line":140,"column":0},"end":{"line":140,"column":6}},"140":{"start":{"line":141,"column":0},"end":{"line":141,"column":4}},"141":{"start":{"line":142,"column":0},"end":{"line":142,"column":1}}},"s":{"0":1,"10":1,"11":1,"12":1,"13":1,"15":0,"16":0,"17":0,"18":0,"19":0,"20":0,"21":0,"22":0,"23":0,"24":0,"25":0,"26":0,"28":5,"29":5,"30":0,"31":0,"34":0,"35":0,"36":0,"37":0,"38":0,"39":0,"40":0,"41":0,"42":0,"45":0,"46":0,"47":0,"48":0,"49":0,"50":0,"51":0,"52":0,"54":0,"57":0,"58":0,"59":0,"60":0,"61":0,"62":0,"63":0,"64":0,"65":0,"66":0,"67":0,"68":0,"71":0,"72":0,"74":0,"75":0,"76":0,"77":0,"78":0,"79":0,"80":0,"81":0,"82":0,"83":0,"84":0,"87":0,"88":0,"89":0,"90":0,"91":0,"92":0,"95":0,"96":0,"97":0,"98":0,"99":0,"102":0,"103":0,"104":0,"107":0,"108":0,"109":0,"111":0,"112":0,"113":0,"114":0,"116":0,"117":0,"120":0,"121":0,"122":0,"124":0,"125":0,"126":0,"128":0,"130":0,"131":0,"132":0,"134":0,"135":0,"136":0,"137":0,"138":0,"139":0,"140":5,"141":5},"branchMap":{"0":{"type":"branch","line":29,"loc":{"start":{"line":29,"column":0},"end":{"line":142,"column":1}},"locations":[{"start":{"line":29,"column":0},"end":{"line":142,"column":1}}]}},"b":{"0":[5]},"fnMap":{"0":{"name":"setCookies","decl":{"start":{"line":16,"column":0},"end":{"line":27,"column":1}},"loc":{"start":{"line":16,"column":0},"end":{"line":27,"column":1}},"line":16},"1":{"name":"loginRoute","decl":{"start":{"line":29,"column":0},"end":{"line":142,"column":1}},"loc":{"start":{"line":29,"column":0},"end":{"line":142,"column":1}},"line":29}},"f":{"0":0,"1":5}}
,"C:\\Users\\HP\\Documents\\projects\\architectural-infrastructure\\accounts\\services\\auth\\src\\routes\\logout.ts": {"path":"C:\\Users\\HP\\Documents\\projects\\architectural-infrastructure\\accounts\\services\\auth\\src\\routes\\logout.ts","all":false,"statementMap":{"0":{"start":{"line":1,"column":0},"end":{"line":1,"column":37}},"7":{"start":{"line":8,"column":0},"end":{"line":8,"column":35}},"8":{"start":{"line":9,"column":0},"end":{"line":9,"column":45}},"9":{"start":{"line":10,"column":0},"end":{"line":10,"column":2}},"11":{"start":{"line":12,"column":0},"end":{"line":12,"column":90}},"12":{"start":{"line":13,"column":0},"end":{"line":13,"column":84}},"13":{"start":{"line":14,"column":0},"end":{"line":14,"column":32}},"14":{"start":{"line":15,"column":0},"end":{"line":15,"column":72}},"15":{"start":{"line":16,"column":0},"end":{"line":16,"column":34}},"18":{"start":{"line":19,"column":0},"end":{"line":19,"column":65}},"19":{"start":{"line":20,"column":0},"end":{"line":20,"column":67}},"20":{"start":{"line":21,"column":0},"end":{"line":21,"column":32}},"21":{"start":{"line":22,"column":0},"end":{"line":22,"column":48}},"23":{"start":{"line":24,"column":0},"end":{"line":24,"column":23}},"24":{"start":{"line":25,"column":0},"end":{"line":25,"column":11}},"26":{"start":{"line":27,"column":0},"end":{"line":27,"column":26}},"27":{"start":{"line":28,"column":0},"end":{"line":28,"column":44}},"28":{"start":{"line":29,"column":0},"end":{"line":29,"column":14}},"29":{"start":{"line":30,"column":0},"end":{"line":30,"column":41}},"30":{"start":{"line":31,"column":0},"end":{"line":31,"column":9}},"31":{"start":{"line":32,"column":0},"end":{"line":32,"column":55}},"32":{"start":{"line":33,"column":0},"end":{"line":33,"column":21}},"33":{"start":{"line":34,"column":0},"end":{"line":34,"column":81}},"34":{"start":{"line":35,"column":0},"end":{"line":35,"column":7}},"35":{"start":{"line":36,"column":0},"end":{"line":36,"column":5}},"38":{"start":{"line":39,"column":0},"end":{"line":39,"column":23}},"39":{"start":{"line":40,"column":0},"end":{"line":40,"column":21}},"40":{"start":{"line":41,"column":0},"end":{"line":41,"column":54}},"41":{"start":{"line":42,"column":0},"end":{"line":42,"column":34}},"42":{"start":{"line":43,"column":0},"end":{"line":43,"column":20}},"43":{"start":{"line":44,"column":0},"end":{"line":44,"column":34}},"44":{"start":{"line":45,"column":0},"end":{"line":45,"column":5}},"45":{"start":{"line":46,"column":0},"end":{"line":46,"column":49}},"46":{"start":{"line":47,"column":0},"end":{"line":47,"column":49}},"49":{"start":{"line":50,"column":0},"end":{"line":50,"column":44}},"50":{"start":{"line":51,"column":0},"end":{"line":51,"column":39}},"51":{"start":{"line":52,"column":0},"end":{"line":52,"column":9}},"52":{"start":{"line":53,"column":0},"end":{"line":53,"column":16}},"53":{"start":{"line":54,"column":0},"end":{"line":54,"column":27}},"54":{"start":{"line":55,"column":0},"end":{"line":55,"column":6}},"56":{"start":{"line":57,"column":0},"end":{"line":57,"column":74}},"57":{"start":{"line":58,"column":0},"end":{"line":58,"column":4}},"58":{"start":{"line":59,"column":0},"end":{"line":59,"column":1}}},"s":{"0":1,"7":1,"8":1,"9":1,"11":5,"12":5,"13":0,"14":0,"15":0,"18":0,"19":0,"20":0,"21":0,"23":0,"24":0,"26":0,"27":0,"28":0,"29":0,"30":0,"31":0,"32":0,"33":0,"34":0,"35":0,"38":0,"39":0,"40":0,"41":0,"42":0,"43":0,"44":0,"45":0,"46":0,"49":0,"50":0,"51":0,"52":0,"53":0,"54":0,"56":0,"57":5,"58":5},"branchMap":{"0":{"type":"branch","line":12,"loc":{"start":{"line":12,"column":0},"end":{"line":59,"column":1}},"locations":[{"start":{"line":12,"column":0},"end":{"line":59,"column":1}}]}},"b":{"0":[5]},"fnMap":{"0":{"name":"logoutRoute","decl":{"start":{"line":12,"column":0},"end":{"line":59,"column":1}},"loc":{"start":{"line":12,"column":0},"end":{"line":59,"column":1}},"line":12}},"f":{"0":5}}
,"C:\\Users\\HP\\Documents\\projects\\architectural-infrastructure\\accounts\\services\\auth\\src\\routes\\mfa.ts": {"path":"C:\\Users\\HP\\Documents\\projects\\architectural-infrastructure\\accounts\\services\\auth\\src\\routes\\mfa.ts","all":false,"statementMap":{"0":{"start":{"line":1,"column":0},"end":{"line":1,"column":34}},"10":{"start":{"line":11,"column":0},"end":{"line":11,"column":38}},"11":{"start":{"line":12,"column":0},"end":{"line":12,"column":33}},"12":{"start":{"line":13,"column":0},"end":{"line":13,"column":53}},"13":{"start":{"line":14,"column":0},"end":{"line":14,"column":2}},"21":{"start":{"line":22,"column":0},"end":{"line":22,"column":93}},"22":{"start":{"line":23,"column":0},"end":{"line":23,"column":88}},"23":{"start":{"line":24,"column":0},"end":{"line":24,"column":32}},"24":{"start":{"line":25,"column":0},"end":{"line":25,"column":72}},"25":{"start":{"line":26,"column":0},"end":{"line":26,"column":34}},"28":{"start":{"line":29,"column":0},"end":{"line":29,"column":78}},"29":{"start":{"line":30,"column":0},"end":{"line":30,"column":58}},"30":{"start":{"line":31,"column":0},"end":{"line":31,"column":27}},"31":{"start":{"line":32,"column":0},"end":{"line":32,"column":45}},"33":{"start":{"line":34,"column":0},"end":{"line":34,"column":23}},"34":{"start":{"line":35,"column":0},"end":{"line":35,"column":37}},"35":{"start":{"line":36,"column":0},"end":{"line":36,"column":30}},"36":{"start":{"line":37,"column":0},"end":{"line":37,"column":52}},"37":{"start":{"line":38,"column":0},"end":{"line":38,"column":30}},"38":{"start":{"line":39,"column":0},"end":{"line":39,"column":8}},"39":{"start":{"line":40,"column":0},"end":{"line":40,"column":5}},"42":{"start":{"line":43,"column":0},"end":{"line":43,"column":22}},"43":{"start":{"line":44,"column":0},"end":{"line":44,"column":21}},"44":{"start":{"line":45,"column":0},"end":{"line":45,"column":9}},"45":{"start":{"line":46,"column":0},"end":{"line":46,"column":51}},"46":{"start":{"line":47,"column":0},"end":{"line":47,"column":87}},"47":{"start":{"line":48,"column":0},"end":{"line":48,"column":26}},"48":{"start":{"line":49,"column":0},"end":{"line":49,"column":28}},"49":{"start":{"line":50,"column":0},"end":{"line":50,"column":62}},"50":{"start":{"line":51,"column":0},"end":{"line":51,"column":13}},"51":{"start":{"line":52,"column":0},"end":{"line":52,"column":37}},"52":{"start":{"line":53,"column":0},"end":{"line":53,"column":31}},"53":{"start":{"line":54,"column":0},"end":{"line":54,"column":60}},"54":{"start":{"line":55,"column":0},"end":{"line":55,"column":30}},"55":{"start":{"line":56,"column":0},"end":{"line":56,"column":8}},"56":{"start":{"line":57,"column":0},"end":{"line":57,"column":5}},"59":{"start":{"line":60,"column":0},"end":{"line":60,"column":47}},"60":{"start":{"line":61,"column":0},"end":{"line":61,"column":9}},"61":{"start":{"line":62,"column":0},"end":{"line":62,"column":45}},"62":{"start":{"line":63,"column":0},"end":{"line":63,"column":41}},"63":{"start":{"line":64,"column":0},"end":{"line":64,"column":35}},"64":{"start":{"line":65,"column":0},"end":{"line":65,"column":17}},"65":{"start":{"line":66,"column":0},"end":{"line":66,"column":18}},"66":{"start":{"line":67,"column":0},"end":{"line":67,"column":30}},"67":{"start":{"line":68,"column":0},"end":{"line":68,"column":19}},"68":{"start":{"line":69,"column":0},"end":{"line":69,"column":61}},"69":{"start":{"line":70,"column":0},"end":{"line":70,"column":92}},"70":{"start":{"line":71,"column":0},"end":{"line":71,"column":5}},"72":{"start":{"line":73,"column":0},"end":{"line":73,"column":16}},"73":{"start":{"line":74,"column":0},"end":{"line":74,"column":82}},"74":{"start":{"line":75,"column":0},"end":{"line":75,"column":5}},"76":{"start":{"line":77,"column":0},"end":{"line":77,"column":27}},"77":{"start":{"line":78,"column":0},"end":{"line":78,"column":37}},"78":{"start":{"line":79,"column":0},"end":{"line":79,"column":37}},"79":{"start":{"line":80,"column":0},"end":{"line":80,"column":70}},"80":{"start":{"line":81,"column":0},"end":{"line":81,"column":30}},"81":{"start":{"line":82,"column":0},"end":{"line":82,"column":8}},"82":{"start":{"line":83,"column":0},"end":{"line":83,"column":5}},"85":{"start":{"line":86,"column":0},"end":{"line":86,"column":60}},"86":{"start":{"line":87,"column":0},"end":{"line":87,"column":56}},"89":{"start":{"line":90,"column":0},"end":{"line":90,"column":22}},"90":{"start":{"line":91,"column":0},"end":{"line":91,"column":30}},"91":{"start":{"line":92,"column":0},"end":{"line":92,"column":46}},"92":{"start":{"line":93,"column":0},"end":{"line":93,"column":19}},"93":{"start":{"line":94,"column":0},"end":{"line":94,"column":5}},"95":{"start":{"line":96,"column":0},"end":{"line":96,"column":44}},"96":{"start":{"line":97,"column":0},"end":{"line":97,"column":41}},"97":{"start":{"line":98,"column":0},"end":{"line":98,"column":30}},"98":{"start":{"line":99,"column":0},"end":{"line":99,"column":9}},"99":{"start":{"line":100,"column":0},"end":{"line":100,"column":16}},"100":{"start":{"line":101,"column":0},"end":{"line":101,"column":25}},"101":{"start":{"line":102,"column":0},"end":{"line":102,"column":6}},"103":{"start":{"line":104,"column":0},"end":{"line":104,"column":35}},"104":{"start":{"line":105,"column":0},"end":{"line":105,"column":13}},"105":{"start":{"line":106,"column":0},"end":{"line":106,"column":17}},"106":{"start":{"line":107,"column":0},"end":{"line":107,"column":18}},"107":{"start":{"line":108,"column":0},"end":{"line":108,"column":6}},"108":{"start":{"line":109,"column":0},"end":{"line":109,"column":4}},"109":{"start":{"line":110,"column":0},"end":{"line":110,"column":1}},"119":{"start":{"line":120,"column":0},"end":{"line":120,"column":93}},"120":{"start":{"line":121,"column":0},"end":{"line":121,"column":88}},"121":{"start":{"line":122,"column":0},"end":{"line":122,"column":32}},"122":{"start":{"line":123,"column":0},"end":{"line":123,"column":72}},"123":{"start":{"line":124,"column":0},"end":{"line":124,"column":34}},"125":{"start":{"line":126,"column":0},"end":{"line":126,"column":62}},"126":{"start":{"line":127,"column":0},"end":{"line":127,"column":26}},"127":{"start":{"line":128,"column":0},"end":{"line":128,"column":37}},"128":{"start":{"line":129,"column":0},"end":{"line":129,"column":33}},"129":{"start":{"line":130,"column":0},"end":{"line":130,"column":81}},"130":{"start":{"line":131,"column":0},"end":{"line":131,"column":30}},"131":{"start":{"line":132,"column":0},"end":{"line":132,"column":8}},"132":{"start":{"line":133,"column":0},"end":{"line":133,"column":5}},"134":{"start":{"line":135,"column":0},"end":{"line":135,"column":45}},"137":{"start":{"line":138,"column":0},"end":{"line":138,"column":48}},"138":{"start":{"line":139,"column":0},"end":{"line":139,"column":81}},"139":{"start":{"line":140,"column":0},"end":{"line":140,"column":9}},"140":{"start":{"line":141,"column":0},"end":{"line":141,"column":42}},"141":{"start":{"line":142,"column":0},"end":{"line":142,"column":54}},"142":{"start":{"line":143,"column":0},"end":{"line":143,"column":28}},"144":{"start":{"line":145,"column":0},"end":{"line":145,"column":21}},"145":{"start":{"line":146,"column":0},"end":{"line":146,"column":37}},"146":{"start":{"line":147,"column":0},"end":{"line":147,"column":31}},"147":{"start":{"line":148,"column":0},"end":{"line":148,"column":65}},"148":{"start":{"line":149,"column":0},"end":{"line":149,"column":30}},"149":{"start":{"line":150,"column":0},"end":{"line":150,"column":8}},"150":{"start":{"line":151,"column":0},"end":{"line":151,"column":5}},"152":{"start":{"line":153,"column":0},"end":{"line":153,"column":39}},"155":{"start":{"line":156,"column":0},"end":{"line":156,"column":47}},"156":{"start":{"line":157,"column":0},"end":{"line":157,"column":9}},"157":{"start":{"line":158,"column":0},"end":{"line":158,"column":45}},"158":{"start":{"line":159,"column":0},"end":{"line":159,"column":54}},"159":{"start":{"line":160,"column":0},"end":{"line":160,"column":35}},"160":{"start":{"line":161,"column":0},"end":{"line":161,"column":17}},"161":{"start":{"line":162,"column":0},"end":{"line":162,"column":18}},"162":{"start":{"line":163,"column":0},"end":{"line":163,"column":30}},"163":{"start":{"line":164,"column":0},"end":{"line":164,"column":19}},"164":{"start":{"line":165,"column":0},"end":{"line":165,"column":62}},"165":{"start":{"line":166,"column":0},"end":{"line":166,"column":92}},"166":{"start":{"line":167,"column":0},"end":{"line":167,"column":5}},"168":{"start":{"line":169,"column":0},"end":{"line":169,"column":36}},"169":{"start":{"line":170,"column":0},"end":{"line":170,"column":37}},"170":{"start":{"line":171,"column":0},"end":{"line":171,"column":31}},"171":{"start":{"line":172,"column":0},"end":{"line":172,"column":66}},"172":{"start":{"line":173,"column":0},"end":{"line":173,"column":30}},"173":{"start":{"line":174,"column":0},"end":{"line":174,"column":8}},"174":{"start":{"line":175,"column":0},"end":{"line":175,"column":5}},"176":{"start":{"line":177,"column":0},"end":{"line":177,"column":38}},"177":{"start":{"line":178,"column":0},"end":{"line":178,"column":37}},"178":{"start":{"line":179,"column":0},"end":{"line":179,"column":35}},"179":{"start":{"line":180,"column":0},"end":{"line":180,"column":62}},"180":{"start":{"line":181,"column":0},"end":{"line":181,"column":30}},"181":{"start":{"line":182,"column":0},"end":{"line":182,"column":8}},"182":{"start":{"line":183,"column":0},"end":{"line":183,"column":5}},"184":{"start":{"line":185,"column":0},"end":{"line":185,"column":55}},"185":{"start":{"line":186,"column":0},"end":{"line":186,"column":17}},"186":{"start":{"line":187,"column":0},"end":{"line":187,"column":46}},"187":{"start":{"line":188,"column":0},"end":{"line":188,"column":43}},"188":{"start":{"line":189,"column":0},"end":{"line":189,"column":32}},"189":{"start":{"line":190,"column":0},"end":{"line":190,"column":11}},"190":{"start":{"line":191,"column":0},"end":{"line":191,"column":18}},"191":{"start":{"line":192,"column":0},"end":{"line":192,"column":27}},"192":{"start":{"line":193,"column":0},"end":{"line":193,"column":8}},"193":{"start":{"line":194,"column":0},"end":{"line":194,"column":37}},"194":{"start":{"line":195,"column":0},"end":{"line":195,"column":31}},"195":{"start":{"line":196,"column":0},"end":{"line":196,"column":58}},"196":{"start":{"line":197,"column":0},"end":{"line":197,"column":30}},"197":{"start":{"line":198,"column":0},"end":{"line":198,"column":8}},"198":{"start":{"line":199,"column":0},"end":{"line":199,"column":5}},"201":{"start":{"line":202,"column":0},"end":{"line":202,"column":47}},"204":{"start":{"line":205,"column":0},"end":{"line":205,"column":101}},"205":{"start":{"line":206,"column":0},"end":{"line":206,"column":46}},"207":{"start":{"line":208,"column":0},"end":{"line":208,"column":22}},"208":{"start":{"line":209,"column":0},"end":{"line":209,"column":32}},"209":{"start":{"line":210,"column":0},"end":{"line":210,"column":40}},"210":{"start":{"line":211,"column":0},"end":{"line":211,"column":37}},"211":{"start":{"line":212,"column":0},"end":{"line":212,"column":5}},"213":{"start":{"line":214,"column":0},"end":{"line":214,"column":24}},"214":{"start":{"line":215,"column":0},"end":{"line":215,"column":21}},"215":{"start":{"line":216,"column":0},"end":{"line":216,"column":54}},"216":{"start":{"line":217,"column":0},"end":{"line":217,"column":34}},"217":{"start":{"line":218,"column":0},"end":{"line":218,"column":20}},"218":{"start":{"line":219,"column":0},"end":{"line":219,"column":34}},"219":{"start":{"line":220,"column":0},"end":{"line":220,"column":5}},"220":{"start":{"line":221,"column":0},"end":{"line":221,"column":99}},"221":{"start":{"line":222,"column":0},"end":{"line":222,"column":100}},"223":{"start":{"line":224,"column":0},"end":{"line":224,"column":44}},"224":{"start":{"line":225,"column":0},"end":{"line":225,"column":41}},"225":{"start":{"line":226,"column":0},"end":{"line":226,"column":30}},"226":{"start":{"line":227,"column":0},"end":{"line":227,"column":9}},"227":{"start":{"line":228,"column":0},"end":{"line":228,"column":16}},"228":{"start":{"line":229,"column":0},"end":{"line":229,"column":25}},"229":{"start":{"line":230,"column":0},"end":{"line":230,"column":6}},"231":{"start":{"line":232,"column":0},"end":{"line":232,"column":35}},"232":{"start":{"line":233,"column":0},"end":{"line":233,"column":18}},"233":{"start":{"line":234,"column":0},"end":{"line":234,"column":19}},"234":{"start":{"line":235,"column":0},"end":{"line":235,"column":38}},"235":{"start":{"line":236,"column":0},"end":{"line":236,"column":26}},"236":{"start":{"line":237,"column":0},"end":{"line":237,"column":6}},"237":{"start":{"line":238,"column":0},"end":{"line":238,"column":4}},"238":{"start":{"line":239,"column":0},"end":{"line":239,"column":1}},"245":{"start":{"line":246,"column":0},"end":{"line":246,"column":95}},"246":{"start":{"line":247,"column":0},"end":{"line":247,"column":90}},"247":{"start":{"line":248,"column":0},"end":{"line":248,"column":32}},"248":{"start":{"line":249,"column":0},"end":{"line":249,"column":72}},"250":{"start":{"line":251,"column":0},"end":{"line":251,"column":88}},"251":{"start":{"line":252,"column":0},"end":{"line":252,"column":61}},"252":{"start":{"line":253,"column":0},"end":{"line":253,"column":26}},"253":{"start":{"line":254,"column":0},"end":{"line":254,"column":37}},"254":{"start":{"line":255,"column":0},"end":{"line":255,"column":33}},"255":{"start":{"line":256,"column":0},"end":{"line":256,"column":62}},"256":{"start":{"line":257,"column":0},"end":{"line":257,"column":30}},"257":{"start":{"line":258,"column":0},"end":{"line":258,"column":8}},"258":{"start":{"line":259,"column":0},"end":{"line":259,"column":5}},"260":{"start":{"line":261,"column":0},"end":{"line":261,"column":32}},"263":{"start":{"line":264,"column":0},"end":{"line":264,"column":77}},"264":{"start":{"line":265,"column":0},"end":{"line":265,"column":57}},"265":{"start":{"line":266,"column":0},"end":{"line":266,"column":27}},"266":{"start":{"line":267,"column":0},"end":{"line":267,"column":45}},"268":{"start":{"line":269,"column":0},"end":{"line":269,"column":23}},"269":{"start":{"line":270,"column":0},"end":{"line":270,"column":85}},"270":{"start":{"line":271,"column":0},"end":{"line":271,"column":5}},"272":{"start":{"line":273,"column":0},"end":{"line":273,"column":22}},"273":{"start":{"line":274,"column":0},"end":{"line":274,"column":9}},"274":{"start":{"line":275,"column":0},"end":{"line":275,"column":51}},"275":{"start":{"line":276,"column":0},"end":{"line":276,"column":87}},"276":{"start":{"line":277,"column":0},"end":{"line":277,"column":26}},"277":{"start":{"line":278,"column":0},"end":{"line":278,"column":49}},"278":{"start":{"line":279,"column":0},"end":{"line":279,"column":13}},"279":{"start":{"line":280,"column":0},"end":{"line":280,"column":86}},"280":{"start":{"line":281,"column":0},"end":{"line":281,"column":5}},"283":{"start":{"line":284,"column":0},"end":{"line":284,"column":72}},"284":{"start":{"line":285,"column":0},"end":{"line":285,"column":9}},"285":{"start":{"line":286,"column":0},"end":{"line":286,"column":60}},"286":{"start":{"line":287,"column":0},"end":{"line":287,"column":52}},"287":{"start":{"line":288,"column":0},"end":{"line":288,"column":28}},"289":{"start":{"line":290,"column":0},"end":{"line":290,"column":19}},"290":{"start":{"line":291,"column":0},"end":{"line":291,"column":37}},"291":{"start":{"line":292,"column":0},"end":{"line":292,"column":38}},"292":{"start":{"line":293,"column":0},"end":{"line":293,"column":90}},"293":{"start":{"line":294,"column":0},"end":{"line":294,"column":30}},"294":{"start":{"line":295,"column":0},"end":{"line":295,"column":8}},"295":{"start":{"line":296,"column":0},"end":{"line":296,"column":5}},"297":{"start":{"line":298,"column":0},"end":{"line":298,"column":48}},"298":{"start":{"line":299,"column":0},"end":{"line":299,"column":37}},"299":{"start":{"line":300,"column":0},"end":{"line":300,"column":31}},"300":{"start":{"line":301,"column":0},"end":{"line":301,"column":48}},"301":{"start":{"line":302,"column":0},"end":{"line":302,"column":30}},"302":{"start":{"line":303,"column":0},"end":{"line":303,"column":8}},"303":{"start":{"line":304,"column":0},"end":{"line":304,"column":5}},"306":{"start":{"line":307,"column":0},"end":{"line":307,"column":44}},"307":{"start":{"line":308,"column":0},"end":{"line":308,"column":54}},"308":{"start":{"line":309,"column":0},"end":{"line":309,"column":5}},"311":{"start":{"line":312,"column":0},"end":{"line":312,"column":9}},"312":{"start":{"line":313,"column":0},"end":{"line":313,"column":45}},"313":{"start":{"line":314,"column":0},"end":{"line":314,"column":27}},"314":{"start":{"line":315,"column":0},"end":{"line":315,"column":37}},"315":{"start":{"line":316,"column":0},"end":{"line":316,"column":52}},"316":{"start":{"line":317,"column":0},"end":{"line":317,"column":47}},"317":{"start":{"line":318,"column":0},"end":{"line":318,"column":8}},"318":{"start":{"line":319,"column":0},"end":{"line":319,"column":19}},"319":{"start":{"line":320,"column":0},"end":{"line":320,"column":59}},"320":{"start":{"line":321,"column":0},"end":{"line":321,"column":92}},"321":{"start":{"line":322,"column":0},"end":{"line":322,"column":5}},"323":{"start":{"line":324,"column":0},"end":{"line":324,"column":65}},"325":{"start":{"line":326,"column":0},"end":{"line":326,"column":87}},"326":{"start":{"line":327,"column":0},"end":{"line":327,"column":4}},"327":{"start":{"line":328,"column":0},"end":{"line":328,"column":1}}},"s":{"0":1,"10":1,"11":1,"12":1,"13":1,"21":5,"22":5,"23":0,"24":0,"25":0,"28":0,"29":0,"30":0,"31":0,"33":0,"34":0,"35":0,"36":0,"37":0,"38":0,"39":0,"42":0,"43":0,"44":0,"45":0,"46":0,"47":0,"48":0,"49":0,"50":0,"51":0,"52":0,"53":0,"54":0,"55":0,"56":0,"59":0,"60":0,"61":0,"62":0,"63":0,"64":0,"65":0,"66":0,"67":0,"68":0,"69":0,"70":0,"72":0,"73":0,"74":0,"76":0,"77":0,"78":0,"79":0,"80":0,"81":0,"82":0,"85":0,"86":0,"89":0,"90":0,"91":0,"92":0,"93":0,"95":0,"96":0,"97":0,"98":0,"99":0,"100":0,"101":0,"103":0,"104":0,"105":0,"106":0,"107":0,"108":5,"109":5,"119":5,"120":5,"121":0,"122":0,"123":0,"125":0,"126":0,"127":0,"128":0,"129":0,"130":0,"131":0,"132":0,"134":0,"137":0,"138":0,"139":0,"140":0,"141":0,"142":0,"144":0,"145":0,"146":0,"147":0,"148":0,"149":0,"150":0,"152":0,"155":0,"156":0,"157":0,"158":0,"159":0,"160":0,"161":0,"162":0,"163":0,"164":0,"165":0,"166":0,"168":0,"169":0,"170":0,"171":0,"172":0,"173":0,"174":0,"176":0,"177":0,"178":0,"179":0,"180":0,"181":0,"182":0,"184":0,"185":0,"186":0,"187":0,"188":0,"189":0,"190":0,"191":0,"192":0,"193":0,"194":0,"195":0,"196":0,"197":0,"198":0,"201":0,"204":0,"205":0,"207":0,"208":0,"209":0,"210":0,"211":0,"213":0,"214":0,"215":0,"216":0,"217":0,"218":0,"219":0,"220":0,"221":0,"223":0,"224":0,"225":0,"226":0,"227":0,"228":0,"229":0,"231":0,"232":0,"233":0,"234":0,"235":0,"236":0,"237":5,"238":5,"245":5,"246":5,"247":0,"248":0,"250":0,"251":0,"252":0,"253":0,"254":0,"255":0,"256":0,"257":0,"258":0,"260":0,"263":0,"264":0,"265":0,"266":0,"268":0,"269":0,"270":0,"272":0,"273":0,"274":0,"275":0,"276":0,"277":0,"278":0,"279":0,"280":0,"283":0,"284":0,"285":0,"286":0,"287":0,"289":0,"290":0,"291":0,"292":0,"293":0,"294":0,"295":0,"297":0,"298":0,"299":0,"300":0,"301":0,"302":0,"303":0,"306":0,"307":0,"308":0,"311":0,"312":0,"313":0,"314":0,"315":0,"316":0,"317":0,"318":0,"319":0,"320":0,"321":0,"323":0,"325":0,"326":5,"327":5},"branchMap":{"0":{"type":"branch","line":22,"loc":{"start":{"line":22,"column":0},"end":{"line":110,"column":1}},"locations":[{"start":{"line":22,"column":0},"end":{"line":110,"column":1}}]},"1":{"type":"branch","line":120,"loc":{"start":{"line":120,"column":0},"end":{"line":239,"column":1}},"locations":[{"start":{"line":120,"column":0},"end":{"line":239,"column":1}}]},"2":{"type":"branch","line":246,"loc":{"start":{"line":246,"column":0},"end":{"line":328,"column":1}},"locations":[{"start":{"line":246,"column":0},"end":{"line":328,"column":1}}]}},"b":{"0":[5],"1":[5],"2":[5]},"fnMap":{"0":{"name":"mfaEnrollRoute","decl":{"start":{"line":22,"column":0},"end":{"line":110,"column":1}},"loc":{"start":{"line":22,"column":0},"end":{"line":110,"column":1}},"line":22},"1":{"name":"mfaVerifyRoute","decl":{"start":{"line":120,"column":0},"end":{"line":239,"column":1}},"loc":{"start":{"line":120,"column":0},"end":{"line":239,"column":1}},"line":120},"2":{"name":"mfaActivateRoute","decl":{"start":{"line":246,"column":0},"end":{"line":328,"column":1}},"loc":{"start":{"line":246,"column":0},"end":{"line":328,"column":1}},"line":246}},"f":{"0":5,"1":5,"2":5}}
,"C:\\Users\\HP\\Documents\\projects\\architectural-infrastructure\\accounts\\services\\auth\\src\\routes\\oauth.ts": {"path":"C:\\Users\\HP\\Documents\\projects\\architectural-infrastructure\\accounts\\services\\auth\\src\\routes\\oauth.ts","all":false,"statementMap":{"0":{"start":{"line":1,"column":0},"end":{"line":1,"column":36}},"9":{"start":{"line":10,"column":0},"end":{"line":10,"column":39}},"10":{"start":{"line":11,"column":0},"end":{"line":11,"column":35}},"11":{"start":{"line":12,"column":0},"end":{"line":12,"column":31}},"12":{"start":{"line":13,"column":0},"end":{"line":13,"column":33}},"13":{"start":{"line":14,"column":0},"end":{"line":14,"column":36}},"14":{"start":{"line":15,"column":0},"end":{"line":15,"column":43}},"15":{"start":{"line":16,"column":0},"end":{"line":16,"column":31}},"16":{"start":{"line":17,"column":0},"end":{"line":17,"column":31}},"17":{"start":{"line":18,"column":0},"end":{"line":18,"column":2}},"19":{"start":{"line":20,"column":0},"end":{"line":20,"column":34}},"20":{"start":{"line":21,"column":0},"end":{"line":21,"column":46}},"21":{"start":{"line":22,"column":0},"end":{"line":22,"column":31}},"22":{"start":{"line":23,"column":0},"end":{"line":23,"column":33}},"23":{"start":{"line":24,"column":0},"end":{"line":24,"column":26}},"24":{"start":{"line":25,"column":0},"end":{"line":25,"column":35}},"25":{"start":{"line":26,"column":0},"end":{"line":26,"column":2}},"27":{"start":{"line":28,"column":0},"end":{"line":28,"column":76}},"28":{"start":{"line":29,"column":0},"end":{"line":29,"column":79}},"29":{"start":{"line":30,"column":0},"end":{"line":30,"column":27}},"30":{"start":{"line":31,"column":0},"end":{"line":31,"column":1}},"32":{"start":{"line":33,"column":0},"end":{"line":33,"column":90}},"34":{"start":{"line":35,"column":0},"end":{"line":35,"column":92}},"35":{"start":{"line":36,"column":0},"end":{"line":36,"column":25}},"36":{"start":{"line":37,"column":0},"end":{"line":37,"column":72}},"38":{"start":{"line":39,"column":0},"end":{"line":39,"column":64}},"39":{"start":{"line":40,"column":0},"end":{"line":40,"column":26}},"40":{"start":{"line":41,"column":0},"end":{"line":41,"column":37}},"41":{"start":{"line":42,"column":0},"end":{"line":42,"column":33}},"42":{"start":{"line":43,"column":0},"end":{"line":43,"column":80}},"43":{"start":{"line":44,"column":0},"end":{"line":44,"column":30}},"44":{"start":{"line":45,"column":0},"end":{"line":45,"column":8}},"45":{"start":{"line":46,"column":0},"end":{"line":46,"column":5}},"47":{"start":{"line":48,"column":0},"end":{"line":48,"column":81}},"50":{"start":{"line":51,"column":0},"end":{"line":51,"column":74}},"51":{"start":{"line":52,"column":0},"end":{"line":52,"column":119}},"53":{"start":{"line":54,"column":0},"end":{"line":54,"column":23}},"54":{"start":{"line":55,"column":0},"end":{"line":55,"column":37}},"55":{"start":{"line":56,"column":0},"end":{"line":56,"column":30}},"56":{"start":{"line":57,"column":0},"end":{"line":57,"column":83}},"57":{"start":{"line":58,"column":0},"end":{"line":58,"column":30}},"58":{"start":{"line":59,"column":0},"end":{"line":59,"column":8}},"59":{"start":{"line":60,"column":0},"end":{"line":60,"column":5}},"61":{"start":{"line":62,"column":0},"end":{"line":62,"column":22}},"62":{"start":{"line":63,"column":0},"end":{"line":63,"column":21}},"63":{"start":{"line":64,"column":0},"end":{"line":64,"column":9}},"64":{"start":{"line":65,"column":0},"end":{"line":65,"column":51}},"65":{"start":{"line":66,"column":0},"end":{"line":66,"column":87}},"66":{"start":{"line":67,"column":0},"end":{"line":67,"column":26}},"67":{"start":{"line":68,"column":0},"end":{"line":68,"column":27}},"68":{"start":{"line":69,"column":0},"end":{"line":69,"column":46}},"69":{"start":{"line":70,"column":0},"end":{"line":70,"column":13}},"70":{"start":{"line":71,"column":0},"end":{"line":71,"column":86}},"71":{"start":{"line":72,"column":0},"end":{"line":72,"column":5}},"73":{"start":{"line":74,"column":0},"end":{"line":74,"column":55}},"76":{"start":{"line":77,"column":0},"end":{"line":77,"column":59}},"77":{"start":{"line":78,"column":0},"end":{"line":78,"column":13}},"78":{"start":{"line":79,"column":0},"end":{"line":79,"column":12}},"79":{"start":{"line":80,"column":0},"end":{"line":80,"column":16}},"80":{"start":{"line":81,"column":0},"end":{"line":81,"column":19}},"81":{"start":{"line":82,"column":0},"end":{"line":82,"column":21}},"82":{"start":{"line":83,"column":0},"end":{"line":83,"column":44}},"83":{"start":{"line":84,"column":0},"end":{"line":84,"column":21}},"85":{"start":{"line":86,"column":0},"end":{"line":86,"column":44}},"86":{"start":{"line":87,"column":0},"end":{"line":87,"column":44}},"87":{"start":{"line":88,"column":0},"end":{"line":88,"column":13}},"88":{"start":{"line":89,"column":0},"end":{"line":89,"column":9}},"89":{"start":{"line":90,"column":0},"end":{"line":90,"column":16}},"90":{"start":{"line":91,"column":0},"end":{"line":91,"column":25}},"91":{"start":{"line":92,"column":0},"end":{"line":92,"column":6}},"93":{"start":{"line":94,"column":0},"end":{"line":94,"column":45}},"94":{"start":{"line":95,"column":0},"end":{"line":95,"column":46}},"95":{"start":{"line":96,"column":0},"end":{"line":96,"column":59}},"97":{"start":{"line":98,"column":0},"end":{"line":98,"column":49}},"98":{"start":{"line":99,"column":0},"end":{"line":99,"column":4}},"101":{"start":{"line":102,"column":0},"end":{"line":102,"column":89}},"102":{"start":{"line":103,"column":0},"end":{"line":103,"column":25}},"103":{"start":{"line":104,"column":0},"end":{"line":104,"column":72}},"104":{"start":{"line":105,"column":0},"end":{"line":105,"column":28}},"106":{"start":{"line":107,"column":0},"end":{"line":107,"column":58}},"107":{"start":{"line":108,"column":0},"end":{"line":108,"column":26}},"108":{"start":{"line":109,"column":0},"end":{"line":109,"column":37}},"109":{"start":{"line":110,"column":0},"end":{"line":110,"column":33}},"110":{"start":{"line":111,"column":0},"end":{"line":111,"column":80}},"111":{"start":{"line":112,"column":0},"end":{"line":112,"column":30}},"112":{"start":{"line":113,"column":0},"end":{"line":113,"column":8}},"113":{"start":{"line":114,"column":0},"end":{"line":114,"column":5}},"115":{"start":{"line":116,"column":0},"end":{"line":116,"column":72}},"116":{"start":{"line":117,"column":0},"end":{"line":117,"column":37}},"118":{"start":{"line":119,"column":0},"end":{"line":119,"column":9}},"119":{"start":{"line":120,"column":0},"end":{"line":120,"column":42}},"120":{"start":{"line":121,"column":0},"end":{"line":121,"column":17}},"121":{"start":{"line":122,"column":0},"end":{"line":122,"column":112}},"122":{"start":{"line":123,"column":0},"end":{"line":123,"column":7}},"124":{"start":{"line":125,"column":0},"end":{"line":125,"column":45}},"126":{"start":{"line":127,"column":0},"end":{"line":127,"column":85}},"127":{"start":{"line":128,"column":0},"end":{"line":128,"column":112}},"128":{"start":{"line":129,"column":0},"end":{"line":129,"column":7}},"131":{"start":{"line":132,"column":0},"end":{"line":132,"column":72}},"132":{"start":{"line":133,"column":0},"end":{"line":133,"column":48}},"133":{"start":{"line":134,"column":0},"end":{"line":134,"column":43}},"134":{"start":{"line":135,"column":0},"end":{"line":135,"column":68}},"135":{"start":{"line":136,"column":0},"end":{"line":136,"column":10}},"136":{"start":{"line":137,"column":0},"end":{"line":137,"column":123}},"137":{"start":{"line":138,"column":0},"end":{"line":138,"column":7}},"140":{"start":{"line":141,"column":0},"end":{"line":141,"column":49}},"142":{"start":{"line":143,"column":0},"end":{"line":143,"column":116}},"143":{"start":{"line":144,"column":0},"end":{"line":144,"column":108}},"144":{"start":{"line":145,"column":0},"end":{"line":145,"column":48}},"146":{"start":{"line":147,"column":0},"end":{"line":147,"column":67}},"147":{"start":{"line":148,"column":0},"end":{"line":148,"column":53}},"148":{"start":{"line":149,"column":0},"end":{"line":149,"column":41}},"150":{"start":{"line":151,"column":0},"end":{"line":151,"column":46}},"151":{"start":{"line":152,"column":0},"end":{"line":152,"column":42}},"152":{"start":{"line":153,"column":0},"end":{"line":153,"column":66}},"153":{"start":{"line":154,"column":0},"end":{"line":154,"column":8}},"155":{"start":{"line":156,"column":0},"end":{"line":156,"column":30}},"156":{"start":{"line":157,"column":0},"end":{"line":157,"column":44}},"157":{"start":{"line":158,"column":0},"end":{"line":158,"column":37}},"158":{"start":{"line":159,"column":0},"end":{"line":159,"column":15}},"159":{"start":{"line":160,"column":0},"end":{"line":160,"column":36}},"160":{"start":{"line":161,"column":0},"end":{"line":161,"column":28}},"161":{"start":{"line":162,"column":0},"end":{"line":162,"column":38}},"162":{"start":{"line":163,"column":0},"end":{"line":163,"column":43}},"163":{"start":{"line":164,"column":0},"end":{"line":164,"column":31}},"164":{"start":{"line":165,"column":0},"end":{"line":165,"column":31}},"165":{"start":{"line":166,"column":0},"end":{"line":166,"column":10}},"166":{"start":{"line":167,"column":0},"end":{"line":167,"column":19}},"167":{"start":{"line":168,"column":0},"end":{"line":168,"column":73}},"168":{"start":{"line":169,"column":0},"end":{"line":169,"column":87}},"169":{"start":{"line":170,"column":0},"end":{"line":170,"column":5}},"170":{"start":{"line":171,"column":0},"end":{"line":171,"column":4}},"171":{"start":{"line":172,"column":0},"end":{"line":172,"column":1}}},"s":{"0":1,"9":1,"10":1,"11":1,"12":1,"13":1,"14":1,"15":1,"16":1,"17":1,"19":1,"20":1,"21":1,"22":1,"23":1,"24":1,"25":1,"27":0,"28":0,"29":0,"30":0,"32":5,"34":5,"35":0,"36":0,"38":0,"39":0,"40":0,"41":0,"42":0,"43":0,"44":0,"45":0,"47":0,"50":0,"51":0,"53":0,"54":0,"55":0,"56":0,"57":0,"58":0,"59":0,"61":0,"62":0,"63":0,"64":0,"65":0,"66":0,"67":0,"68":0,"69":0,"70":0,"71":0,"73":0,"76":0,"77":0,"78":0,"79":0,"80":0,"81":0,"82":0,"83":0,"85":0,"86":0,"87":0,"88":0,"89":0,"90":0,"91":0,"93":0,"94":0,"95":0,"97":0,"98":5,"101":5,"102":0,"103":0,"104":0,"106":0,"107":0,"108":0,"109":0,"110":0,"111":0,"112":0,"113":0,"115":0,"116":0,"118":0,"119":0,"120":0,"121":0,"122":0,"124":0,"126":0,"127":0,"128":0,"131":0,"132":0,"133":0,"134":0,"135":0,"136":0,"137":0,"140":0,"142":0,"143":0,"144":0,"146":0,"147":0,"148":0,"150":0,"151":0,"152":0,"153":0,"155":0,"156":0,"157":0,"158":0,"159":0,"160":0,"161":0,"162":0,"163":0,"164":0,"165":0,"166":0,"167":0,"168":0,"169":0,"170":5,"171":5},"branchMap":{"0":{"type":"branch","line":33,"loc":{"start":{"line":33,"column":0},"end":{"line":172,"column":1}},"locations":[{"start":{"line":33,"column":0},"end":{"line":172,"column":1}}]}},"b":{"0":[5]},"fnMap":{"0":{"name":"verifyCodeChallenge","decl":{"start":{"line":28,"column":0},"end":{"line":31,"column":1}},"loc":{"start":{"line":28,"column":0},"end":{"line":31,"column":1}},"line":28},"1":{"name":"oauthRoutes","decl":{"start":{"line":33,"column":0},"end":{"line":172,"column":1}},"loc":{"start":{"line":33,"column":0},"end":{"line":172,"column":1}},"line":33}},"f":{"0":0,"1":5}}
,"C:\\Users\\HP\\Documents\\projects\\architectural-infrastructure\\accounts\\services\\auth\\src\\routes\\oidc.ts": {"path":"C:\\Users\\HP\\Documents\\projects\\architectural-infrastructure\\accounts\\services\\auth\\src\\routes\\oidc.ts","all":false,"statementMap":{"0":{"start":{"line":1,"column":0},"end":{"line":1,"column":36}},"10":{"start":{"line":11,"column":0},"end":{"line":11,"column":89}},"11":{"start":{"line":12,"column":0},"end":{"line":12,"column":26}},"14":{"start":{"line":15,"column":0},"end":{"line":15,"column":93}},"15":{"start":{"line":16,"column":0},"end":{"line":16,"column":9}},"16":{"start":{"line":17,"column":0},"end":{"line":17,"column":38}},"17":{"start":{"line":18,"column":0},"end":{"line":18,"column":58}},"18":{"start":{"line":19,"column":0},"end":{"line":19,"column":19}},"19":{"start":{"line":20,"column":0},"end":{"line":20,"column":82}},"20":{"start":{"line":21,"column":0},"end":{"line":21,"column":64}},"21":{"start":{"line":22,"column":0},"end":{"line":22,"column":5}},"22":{"start":{"line":23,"column":0},"end":{"line":23,"column":4}},"25":{"start":{"line":26,"column":0},"end":{"line":26,"column":104}},"26":{"start":{"line":27,"column":0},"end":{"line":27,"column":38}},"27":{"start":{"line":28,"column":0},"end":{"line":28,"column":35}},"28":{"start":{"line":29,"column":0},"end":{"line":29,"column":22}},"29":{"start":{"line":30,"column":0},"end":{"line":30,"column":64}},"30":{"start":{"line":31,"column":0},"end":{"line":31,"column":52}},"31":{"start":{"line":32,"column":0},"end":{"line":32,"column":52}},"32":{"start":{"line":33,"column":0},"end":{"line":33,"column":51}},"33":{"start":{"line":34,"column":0},"end":{"line":34,"column":55}},"34":{"start":{"line":35,"column":0},"end":{"line":35,"column":41}},"35":{"start":{"line":36,"column":0},"end":{"line":36,"column":42}},"36":{"start":{"line":37,"column":0},"end":{"line":37,"column":55}},"37":{"start":{"line":38,"column":0},"end":{"line":38,"column":77}},"38":{"start":{"line":39,"column":0},"end":{"line":39,"column":6}},"39":{"start":{"line":40,"column":0},"end":{"line":40,"column":4}},"42":{"start":{"line":43,"column":0},"end":{"line":43,"column":85}},"43":{"start":{"line":44,"column":0},"end":{"line":44,"column":72}},"44":{"start":{"line":45,"column":0},"end":{"line":45,"column":74}},"45":{"start":{"line":46,"column":0},"end":{"line":46,"column":119}},"47":{"start":{"line":48,"column":0},"end":{"line":48,"column":23}},"48":{"start":{"line":49,"column":0},"end":{"line":49,"column":112}},"49":{"start":{"line":50,"column":0},"end":{"line":50,"column":5}},"51":{"start":{"line":52,"column":0},"end":{"line":52,"column":9}},"52":{"start":{"line":53,"column":0},"end":{"line":53,"column":51}},"53":{"start":{"line":54,"column":0},"end":{"line":54,"column":87}},"54":{"start":{"line":55,"column":0},"end":{"line":55,"column":32}},"56":{"start":{"line":57,"column":0},"end":{"line":57,"column":20}},"57":{"start":{"line":58,"column":0},"end":{"line":58,"column":119}},"58":{"start":{"line":59,"column":0},"end":{"line":59,"column":7}},"60":{"start":{"line":61,"column":0},"end":{"line":61,"column":45}},"61":{"start":{"line":62,"column":0},"end":{"line":62,"column":42}},"62":{"start":{"line":63,"column":0},"end":{"line":63,"column":35}},"63":{"start":{"line":64,"column":0},"end":{"line":64,"column":17}},"64":{"start":{"line":65,"column":0},"end":{"line":65,"column":18}},"66":{"start":{"line":67,"column":0},"end":{"line":67,"column":28}},"68":{"start":{"line":69,"column":0},"end":{"line":69,"column":49}},"69":{"start":{"line":70,"column":0},"end":{"line":70,"column":116}},"70":{"start":{"line":71,"column":0},"end":{"line":71,"column":7}},"72":{"start":{"line":73,"column":0},"end":{"line":73,"column":37}},"73":{"start":{"line":74,"column":0},"end":{"line":74,"column":21}},"74":{"start":{"line":75,"column":0},"end":{"line":75,"column":26}},"75":{"start":{"line":76,"column":0},"end":{"line":76,"column":32}},"76":{"start":{"line":77,"column":0},"end":{"line":77,"column":91}},"77":{"start":{"line":78,"column":0},"end":{"line":78,"column":8}},"78":{"start":{"line":79,"column":0},"end":{"line":79,"column":19}},"79":{"start":{"line":80,"column":0},"end":{"line":80,"column":92}},"80":{"start":{"line":81,"column":0},"end":{"line":81,"column":87}},"81":{"start":{"line":82,"column":0},"end":{"line":82,"column":5}},"82":{"start":{"line":83,"column":0},"end":{"line":83,"column":4}},"83":{"start":{"line":84,"column":0},"end":{"line":84,"column":1}}},"s":{"0":1,"10":5,"11":5,"14":5,"15":0,"16":0,"17":0,"18":0,"19":0,"20":0,"21":0,"22":5,"25":5,"26":0,"27":0,"28":0,"29":0,"30":0,"31":0,"32":0,"33":0,"34":0,"35":0,"36":0,"37":0,"38":0,"39":5,"42":5,"43":0,"44":0,"45":0,"47":0,"48":0,"49":0,"51":0,"52":0,"53":0,"54":0,"56":0,"57":0,"58":0,"60":0,"61":0,"62":0,"63":0,"64":0,"66":0,"68":0,"69":0,"70":0,"72":0,"73":0,"74":0,"75":0,"76":0,"77":0,"78":0,"79":0,"80":0,"81":0,"82":5,"83":5},"branchMap":{"0":{"type":"branch","line":11,"loc":{"start":{"line":11,"column":0},"end":{"line":84,"column":1}},"locations":[{"start":{"line":11,"column":0},"end":{"line":84,"column":1}}]}},"b":{"0":[5]},"fnMap":{"0":{"name":"oidcRoutes","decl":{"start":{"line":11,"column":0},"end":{"line":84,"column":1}},"loc":{"start":{"line":11,"column":0},"end":{"line":84,"column":1}},"line":11}},"f":{"0":5}}
,"C:\\Users\\HP\\Documents\\projects\\architectural-infrastructure\\accounts\\services\\auth\\src\\routes\\password.ts": {"path":"C:\\Users\\HP\\Documents\\projects\\architectural-infrastructure\\accounts\\services\\auth\\src\\routes\\password.ts","all":false,"statementMap":{"0":{"start":{"line":1,"column":0},"end":{"line":1,"column":39}},"9":{"start":{"line":10,"column":0},"end":{"line":10,"column":39}},"10":{"start":{"line":11,"column":0},"end":{"line":11,"column":28}},"11":{"start":{"line":12,"column":0},"end":{"line":12,"column":2}},"13":{"start":{"line":14,"column":0},"end":{"line":14,"column":38}},"14":{"start":{"line":15,"column":0},"end":{"line":15,"column":27}},"15":{"start":{"line":16,"column":0},"end":{"line":16,"column":40}},"16":{"start":{"line":17,"column":0},"end":{"line":17,"column":2}},"18":{"start":{"line":19,"column":0},"end":{"line":19,"column":93}},"20":{"start":{"line":21,"column":0},"end":{"line":21,"column":93}},"21":{"start":{"line":22,"column":0},"end":{"line":22,"column":25}},"22":{"start":{"line":23,"column":0},"end":{"line":23,"column":72}},"25":{"start":{"line":26,"column":0},"end":{"line":26,"column":88}},"26":{"start":{"line":27,"column":0},"end":{"line":27,"column":22}},"27":{"start":{"line":28,"column":0},"end":{"line":28,"column":56}},"28":{"start":{"line":29,"column":0},"end":{"line":29,"column":37}},"29":{"start":{"line":30,"column":0},"end":{"line":30,"column":37}},"30":{"start":{"line":31,"column":0},"end":{"line":31,"column":87}},"31":{"start":{"line":32,"column":0},"end":{"line":32,"column":30}},"32":{"start":{"line":33,"column":0},"end":{"line":33,"column":8}},"33":{"start":{"line":34,"column":0},"end":{"line":34,"column":5}},"35":{"start":{"line":36,"column":0},"end":{"line":36,"column":63}},"36":{"start":{"line":37,"column":0},"end":{"line":37,"column":26}},"37":{"start":{"line":38,"column":0},"end":{"line":38,"column":37}},"38":{"start":{"line":39,"column":0},"end":{"line":39,"column":34}},"39":{"start":{"line":40,"column":0},"end":{"line":40,"column":80}},"40":{"start":{"line":41,"column":0},"end":{"line":41,"column":30}},"41":{"start":{"line":42,"column":0},"end":{"line":42,"column":8}},"42":{"start":{"line":43,"column":0},"end":{"line":43,"column":5}},"44":{"start":{"line":45,"column":0},"end":{"line":45,"column":33}},"46":{"start":{"line":47,"column":0},"end":{"line":47,"column":9}},"47":{"start":{"line":48,"column":0},"end":{"line":48,"column":52}},"48":{"start":{"line":49,"column":0},"end":{"line":49,"column":21}},"49":{"start":{"line":50,"column":0},"end":{"line":50,"column":51}},"50":{"start":{"line":51,"column":0},"end":{"line":51,"column":17}},"51":{"start":{"line":52,"column":0},"end":{"line":52,"column":18}},"53":{"start":{"line":54,"column":0},"end":{"line":54,"column":38}},"54":{"start":{"line":55,"column":0},"end":{"line":55,"column":29}},"55":{"start":{"line":56,"column":0},"end":{"line":56,"column":65}},"58":{"start":{"line":59,"column":0},"end":{"line":59,"column":108}},"60":{"start":{"line":61,"column":0},"end":{"line":61,"column":48}},"61":{"start":{"line":62,"column":0},"end":{"line":62,"column":48}},"62":{"start":{"line":63,"column":0},"end":{"line":63,"column":34}},"63":{"start":{"line":64,"column":0},"end":{"line":64,"column":13}},"64":{"start":{"line":65,"column":0},"end":{"line":65,"column":20}},"65":{"start":{"line":66,"column":0},"end":{"line":66,"column":29}},"66":{"start":{"line":67,"column":0},"end":{"line":67,"column":10}},"70":{"start":{"line":71,"column":0},"end":{"line":71,"column":14}},"72":{"start":{"line":73,"column":0},"end":{"line":73,"column":48}},"73":{"start":{"line":74,"column":0},"end":{"line":74,"column":52}},"74":{"start":{"line":75,"column":0},"end":{"line":75,"column":13}},"75":{"start":{"line":76,"column":0},"end":{"line":76,"column":20}},"76":{"start":{"line":77,"column":0},"end":{"line":77,"column":29}},"77":{"start":{"line":78,"column":0},"end":
[...]
se,"statementMap":{"0":{"start":{"line":1,"column":0},"end":{"line":1,"column":38}},"9":{"start":{"line":10,"column":0},"end":{"line":10,"column":36}},"10":{"start":{"line":11,"column":0},"end":{"line":11,"column":34}},"11":{"start":{"line":12,"column":0},"end":{"line":12,"column":2}},"13":{"start":{"line":14,"column":0},"end":{"line":14,"column":91}},"14":{"start":{"line":15,"column":0},"end":{"line":15,"column":85}},"15":{"start":{"line":16,"column":0},"end":{"line":16,"column":32}},"16":{"start":{"line":17,"column":0},"end":{"line":17,"column":72}},"17":{"start":{"line":18,"column":0},"end":{"line":18,"column":34}},"20":{"start":{"line":21,"column":0},"end":{"line":21,"column":82}},"21":{"start":{"line":22,"column":0},"end":{"line":22,"column":22}},"22":{"start":{"line":23,"column":0},"end":{"line":23,"column":56}},"23":{"start":{"line":24,"column":0},"end":{"line":24,"column":37}},"24":{"start":{"line":25,"column":0},"end":{"line":25,"column":49}},"25":{"start":{"line":26,"column":0},"end":{"line":26,"column":56}},"26":{"start":{"line":27,"column":0},"end":{"line":27,"column":37}},"27":{"start":{"line":28,"column":0},"end":{"line":28,"column":8}},"28":{"start":{"line":29,"column":0},"end":{"line":29,"column":5}},"31":{"start":{"line":32,"column":0},"end":{"line":32,"column":60}},"32":{"start":{"line":33,"column":0},"end":{"line":33,"column":39}},"33":{"start":{"line":34,"column":0},"end":{"line":34,"column":32}},"34":{"start":{"line":35,"column":0},"end":{"line":35,"column":48}},"36":{"start":{"line":37,"column":0},"end":{"line":37,"column":24}},"37":{"start":{"line":38,"column":0},"end":{"line":38,"column":37}},"38":{"start":{"line":39,"column":0},"end":{"line":39,"column":45}},"39":{"start":{"line":40,"column":0},"end":{"line":40,"column":56}},"40":{"start":{"line":41,"column":0},"end":{"line":41,"column":37}},"41":{"start":{"line":42,"column":0},"end":{"line":42,"column":8}},"42":{"start":{"line":43,"column":0},"end":{"line":43,"column":5}},"45":{"start":{"line":46,"column":0},"end":{"line":46,"column":43}},"46":{"start":{"line":47,"column":0},"end":{"line":47,"column":64}},"47":{"start":{"line":48,"column":0},"end":{"line":48,"column":9}},"48":{"start":{"line":49,"column":0},"end":{"line":49,"column":42}},"49":{"start":{"line":50,"column":0},"end":{"line":50,"column":54}},"50":{"start":{"line":51,"column":0},"end":{"line":51,"column":13}},"51":{"start":{"line":52,"column":0},"end":{"line":52,"column":20}},"52":{"start":{"line":53,"column":0},"end":{"line":53,"column":5}},"54":{"start":{"line":55,"column":0},"end":{"line":55,"column":19}},"56":{"start":{"line":57,"column":0},"end":{"line":57,"column":28}},"57":{"start":{"line":58,"column":0},"end":{"line":58,"column":11}},"58":{"start":{"line":59,"column":0},"end":{"line":59,"column":78}},"59":{"start":{"line":60,"column":0},"end":{"line":60,"column":32}},"60":{"start":{"line":61,"column":0},"end":{"line":61,"column":30}},"62":{"start":{"line":63,"column":0},"end":{"line":63,"column":23}},"65":{"start":{"line":66,"column":0},"end":{"line":66,"column":48}},"66":{"start":{"line":67,"column":0},"end":{"line":67,"column":50}},"67":{"start":{"line":68,"column":0},"end":{"line":68,"column":13}},"68":{"start":{"line":69,"column":0},"end":{"line":69,"column":20}},"69":{"start":{"line":70,"column":0},"end":{"line":70,"column":29}},"70":{"start":{"line":71,"column":0},"end":{"line":71,"column":54}},"71":{"start":{"line":72,"column":0},"end":{"line":72,"column":10}},"72":{"start":{"line":73,"column":0},"end":{"line":73,"column":7}},"74":{"start":{"line":75,"column":0},"end":{"line":75,"column":37}},"75":{"start":{"line":76,"column":0},"end":{"line":76,"column":43}},"76":{"start":{"line":77,"column":0},"end":{"line":77,"column":70}},"77":{"start":{"line":78,"column":0},"end":{"line":78,"column":37}},"78":{"start":{"line":79,"column":0},"end":{"line":79,"column":8}},"79":{"start":{"line":80,"column":0},"end":{"line":80,"column":5}},"81":{"start":{"line":82,"column":0},"end":{"line":82,"column":37}},"84":{"start":{"line":85,"column":0},"end":{"line":85,"column":47}},"85":{"start":{"line":86,"column":0},"end":{"line":86,"column":9}},"86":{"start":{"line":87,"column":0},"end":{"line":87,"column":45}},"87":{"start":{"line":88,"column":0},"end":{"line":88,"column":42}},"88":{"start":{"line":89,"column":0},"end":{"line":89,"column":35}},"89":{"start":{"line":90,"column":0},"end":{"line":90,"column":17}},"90":{"start":{"line":91,"column":0},"end":{"line":91,"column":18}},"91":{"start":{"line":92,"column":0},"end":{"line":92,"column":30}},"92":{"start":{"line":93,"column":0},"end":{"line":93,"column":19}},"93":{"start":{"line":94,"column":0},"end":{"line":94,"column":59}},"94":{"start":{"line":95,"column":0},"end":{"line":95,"column":92}},"95":{"start":{"line":96,"column":0},"end":{"line":96,"column":5}},"97":{"start":{"line":98,"column":0},"end":{"line":98,"column":47}},"99":{"start":{"line":100,"column":0},"end":{"line":100,"column":49}},"100":{"start":{"line":101,"column":0},"end":{"line":101,"column":37}},"101":{"start":{"line":102,"column":0},"end":{"line":102,"column":47}},"102":{"start":{"line":103,"column":0},"end":{"line":103,"column":62}},"103":{"start":{"line":104,"column":0},"end":{"line":104,"column":37}},"104":{"start":{"line":105,"column":0},"end":{"line":105,"column":8}},"105":{"start":{"line":106,"column":0},"end":{"line":106,"column":5}},"109":{"start":{"line":110,"column":0},"end":{"line":110,"column":22}},"110":{"start":{"line":111,"column":0},"end":{"line":111,"column":40}},"111":{"start":{"line":112,"column":0},"end":{"line":112,"column":10}},"112":{"start":{"line":113,"column":0},"end":{"line":113,"column":37}},"113":{"start":{"line":114,"column":0},"end":{"line":114,"column":21}},"114":{"start":{"line":115,"column":0},"end":{"line":115,"column":47}},"116":{"start":{"line":117,"column":0},"end":{"line":117,"column":104}},"117":{"start":{"line":118,"column":0},"end":{"line":118,"column":49}},"119":{"start":{"line":120,"column":0},"end":{"line":120,"column":22}},"120":{"start":{"line":121,"column":0},"end":{"line":121,"column":35}},"121":{"start":{"line":122,"column":0},"end":{"line":122,"column":40}},"122":{"start":{"line":123,"column":0},"end":{"line":123,"column":37}},"123":{"start":{"line":124,"column":0},"end":{"line":124,"column":5}},"126":{"start":{"line":127,"column":0},"end":{"line":127,"column":24}},"127":{"start":{"line":128,"column":0},"end":{"line":128,"column":21}},"128":{"start":{"line":129,"column":0},"end":{"line":129,"column":54}},"129":{"start":{"line":130,"column":0},"end":{"line":130,"column":34}},"130":{"start":{"line":131,"column":0},"end":{"line":131,"column":20}},"131":{"start":{"line":132,"column":0},"end":{"line":132,"column":34}},"132":{"start":{"line":133,"column":0},"end":{"line":133,"column":5}},"133":{"start":{"line":134,"column":0},"end":{"line":134,"column":102}},"134":{"start":{"line":135,"column":0},"end":{"line":135,"column":103}},"136":{"start":{"line":137,"column":0},"end":{"line":137,"column":44}},"137":{"start":{"line":138,"column":0},"end":{"line":138,"column":38}},"138":{"start":{"line":139,"column":0},"end":{"line":139,"column":13}},"139":{"start":{"line":140,"column":0},"end":{"line":140,"column":9}},"140":{"start":{"line":141,"column":0},"end":{"line":141,"column":16}},"141":{"start":{"line":142,"column":0},"end":{"line":142,"column":25}},"142":{"start":{"line":143,"column":0},"end":{"line":143,"column":6}},"144":{"start":{"line":145,"column":0},"end":{"line":145,"column":35}},"145":{"start":{"line":146,"column":0},"end":{"line":146,"column":35}},"146":{"start":{"line":147,"column":0},"end":{"line":147,"column":36}},"147":{"start":{"line":148,"column":0},"end":{"line":148,"column":41}},"148":{"start":{"line":149,"column":0},"end":{"line":149,"column":29}},"149":{"start":{"line":150,"column":0},"end":{"line":150,"column":6}},"150":{"start":{"line":151,"column":0},"end":{"line":151,"column":4}},"151":{"start":{"line":152,"column":0},"end":{"line":152,"column":1}}},"s":{"0":1,"9":1,"10":1,"11":1,"13":5,"14":5,"15":1,"16":1,"17":1,"20":1,"21":1,"22":0,"23":0,"24":0,"25":0,"26":0,"27":0,"28":0,"31":1,"32":1,"33":1,"34":0,"36":1,"37":0,"38":0,"39":0,"40":0,"41":0,"42":0,"45":1,"46":1,"47":1,"48":1,"49":1,"50":1,"51":0,"52":0,"54":1,"56":0,"57":0,"58":0,"59":0,"60":0,"62":0,"65":0,"66":0,"67":0,"68":0,"69":0,"70":0,"71":0,"72":0,"74":0,"75":0,"76":0,"77":0,"78":0,"79":0,"81":1,"84":1,"85":1,"86":1,"87":1,"88":1,"89":1,"90":1,"91":1,"92":1,"93":0,"94":0,"95":0,"97":1,"99":0,"100":0,"101":0,"102":0,"103":0,"104":0,"105":0,"109":1,"110":1,"111":1,"112":1,"113":1,"114":1,"116":1,"117":1,"119":1,"120":1,"121":1,"122":1,"123":1,"126":1,"127":1,"128":1,"129":1,"130":1,"131":1,"132":1,"133":1,"134":1,"136":1,"137":1,"138":1,"139":1,"140":1,"141":1,"142":1,"144":1,"145":1,"146":1,"147":1,"148":1,"149":1,"150":5,"151":5},"branchMap":{"0":{"type":"branch","line":14,"loc":{"start":{"line":14,"column":0},"end":{"line":152,"column":1}},"locations":[{"start":{"line":14,"column":0},"end":{"line":152,"column":1}}]},"1":{"type":"branch","line":15,"loc":{"start":{"line":15,"column":28},"end":{"line":151,"column":3}},"locations":[{"start":{"line":15,"column":28},"end":{"line":151,"column":3}}]},"2":{"type":"branch","line":22,"loc":{"start":{"line":22,"column":21},"end":{"line":29,"column":5}},"locations":[{"start":{"line":22,"column":21},"end":{"line":29,"column":5}}]},"3":{"type":"branch","line":34,"loc":{"start":{"line":34,"column":20},"end":{"line":35,"column":48}},"locations":[{"start":{"line":34,"column":20},"end":{"line":35,"column":48}}]},"4":{"type":"branch","line":37,"loc":{"start":{"line":37,"column":23},"end":{"line":43,"column":5}},"locations":[{"start":{"line":37,"column":23},"end":{"line":43,"column":5}}]},"5":{"type":"branch","line":50,"loc":{"start":{"line":50,"column":46},"end":{"line":50,"column":54}},"locations":[{"start":{"line":50,"column":46},"end":{"line":50,"column":54}}]},"6":{"type":"branch","line":51,"loc":{"start":{"line":51,"column":4},"end":{"line":53,"column":5}},"locations":[{"start":{"line":51,"column":4},"end":{"line":53,"column":5}}]},"7":{"type":"branch","line":55,"loc":{"start":{"line":55,"column":18},"end":{"line":80,"column":5}},"locations":[{"start":{"line":55,"column":18},"end":{"line":80,"column":5}}]},"8":{"type":"branch","line":92,"loc":{"start":{"line":92,"column":21},"end":{"line":92,"column":30}},"locations":[{"start":{"line":92,"column":21},"end":{"line":92,"column":30}}]},"9":{"type":"branch","line":93,"loc":{"start":{"line":93,"column":4},"end":{"line":96,"column":5}},"locations":[{"start":{"line":93,"column":4},"end":{"line":96,"column":5}}]},"10":{"type":"branch","line":98,"loc":{"start":{"line":98,"column":46},"end":{"line":106,"column":5}},"locations":[{"start":{"line":98,"column":46},"end":{"line":106,"column":5}}]}},"b":{"0":[5],"1":[1],"2":[0],"3":[0],"4":[0],"5":[0],"6":[0],"7":[0],"8":[0],"9":[0],"10":[0]},"fnMap":{"0":{"name":"refreshRoute","decl":{"start":{"line":14,"column":0},"end":{"line":152,"column":1}},"loc":{"start":{"line":14,"column":0},"end":{"line":152,"column":1}},"line":14}},"f":{"0":5}}
,"C:\\Users\\HP\\Documents\\projects\\architectural-infrastructure\\accounts\\services\\auth\\src\\routes\\register.ts": {"path":"C:\\Users\\HP\\Documents\\projects\\architectural-infrastructure\\accounts\\services\\auth\\src\\routes\\register.ts","all":false,"statementMap":{"0":{"start":{"line":1,"column":0},"end":{"line":1,"column":39}},"8":{"start":{"line":9,"column":0},"end":{"line":9,"column":37}},"9":{"start":{"line":10,"column":0},"end":{"line":10,"column":31}},"10":{"start":{"line":11,"column":0},"end":{"line":11,"column":40}},"11":{"start":{"line":12,"column":0},"end":{"line":12,"column":50}},"12":{"start":{"line":13,"column":0},"end":{"line":13,"column":2}},"14":{"start":{"line":15,"column":0},"end":{"line":15,"column":92}},"15":{"start":{"line":16,"column":0},"end":{"line":16,"column":86}},"16":{"start":{"line":17,"column":0},"end":{"line":17,"column":32}},"17":{"start":{"line":18,"column":0},"end":{"line":18,"column":72}},"20":{"start":{"line":21,"column":0},"end":{"line":21,"column":81}},"21":{"start":{"line":22,"column":0},"end":{"line":22,"column":22}},"22":{"start":{"line":23,"column":0},"end":{"line":23,"column":56}},"23":{"start":{"line":24,"column":0},"end":{"line":24,"column":37}},"24":{"start":{"line":25,"column":0},"end":{"line":25,"column":49}},"25":{"start":{"line":26,"column":0},"end":{"line":26,"column":85}},"26":{"start":{"line":27,"column":0},"end":{"line":27,"column":37}},"27":{"start":{"line":28,"column":0},"end":{"line":28,"column":8}},"28":{"start":{"line":29,"column":0},"end":{"line":29,"column":5}},"31":{"start":{"line":32,"column":0},"end":{"line":32,"column":61}},"32":{"start":{"line":33,"column":0},"end":{"line":33,"column":26}},"33":{"start":{"line":34,"column":0},"end":{"line":34,"column":37}},"34":{"start":{"line":35,"column":0},"end":{"line":35,"column":46}},"35":{"start":{"line":36,"column":0},"end":{"line":36,"column":80}},"36":{"start":{"line":37,"column":0},"end":{"line":37,"column":37}},"37":{"start":{"line":38,"column":0},"end":{"line":38,"column":8}},"38":{"start":{"line":39,"column":0},"end":{"line":39,"column":5}},"40":{"start":{"line":41,"column":0},"end":{"line":41,"column":49}},"43":{"start":{"line":44,"column":0},"end":{"line":44,"column":9}},"44":{"start":{"line":45,"column":0},"end":{"line":45,"column":55}},"45":{"start":{"line":46,"column":0},"end":{"line":46,"column":21}},"46":{"start":{"line":47,"column":0},"end":{"line":47,"column":51}},"47":{"start":{"line":48,"column":0},"end":{"line":48,"column":17}},"48":{"start":{"line":49,"column":0},"end":{"line":49,"column":18}},"50":{"start":{"line":51,"column":0},"end":{"line":51,"column":44}},"51":{"start":{"line":52,"column":0},"end":{"line":52,"column":48}},"52":{"start":{"line":53,"column":0},"end":{"line":53,"column":56}},"53":{"start":{"line":54,"column":0},"end":{"line":54,"column":62}},"54":{"start":{"line":55,"column":0},"end":{"line":55,"column":10}},"55":{"start":{"line":56,"column":0},"end":{"line":56,"column":39}},"56":{"start":{"line":57,"column":0},"end":{"line":57,"column":43}},"57":{"start":{"line":58,"column":0},"end":{"line":58,"column":74}},"58":{"start":{"line":59,"column":0},"end":{"line":59,"column":39}},"59":{"start":{"line":60,"column":0},"end":{"line":60,"column":10}},"60":{"start":{"line":61,"column":0},"end":{"line":61,"column":7}},"61":{"start":{"line":62,"column":0},"end":{"line":62,"column":19}},"62":{"start":{"line":63,"column":0},"end":{"line":63,"column":69}},"63":{"start":{"line":64,"column":0},"end":{"line":64,"column":92}},"64":{"start":{"line":65,"column":0},"end":{"line":65,"column":5}},"67":{"start":{"line":68,"column":0},"end":{"line":68,"column":53}},"68":{"start":{"line":69,"column":0},"end":{"line":69,"column":49}},"70":{"start":{"line":71,"column":0},"end":{"line":71,"column":17}},"71":{"start":{"line":72,"column":0},"end":{"line":72,"column":9}},"72":{"start":{"line":73,"column":0},"end":{"line":73,"column":44}},"73":{"start":{"line":74,"column":0},"end":{"line":74,"column":42}},"74":{"start":{"line":75,"column":0},"end":{"line":75,"column":35}},"75":{"start":{"line":76,"column":0},"end":{"line":76,"column":36}},"76":{"start":{"line":77,"column":0},"end":{"line":77,"column":45}},"77":{"start":{"line":78,"column":0},"end":{"line":78,"column":28}},"78":{"start":{"line":79,"column":0},"end":{"line":79,"column":26}},"79":{"start":{"line":80,"column":0},"end":{"line":80,"column":26}},"80":{"start":{"line":81,"column":0},"end":{"line":81,"column":9}},"81":{"start":{"line":82,"column":0},"end":{"line":82,"column":19}},"82":{"start":{"line":83,"column":0},"end":{"line":83,"column":57}},"83":{"start":{"line":84,"column":0},"end":{"line":84,"column":87}},"84":{"start":{"line":85,"column":0},"end":{"line":85,"column":5}},"86":{"start":{"line":87,"column":0},"end":{"line":87,"column":44}},"87":{"start":{"line":88,"column":0},"end":{"line":88,"column":77}},"88":{"start":{"line":89,"column":0},"end":{"line":89,"column":25}},"89":{"start":{"line":90,"column":0},"end":{"line":90,"column":6}},"91":{"start":{"line":92,"column":0},"end":{"line":92,"column":35}},"92":{"start":{"line":93,"column":0},"end":{"line":93,"column":13}},"93":{"start":{"line":94,"column":0},"end":{"line":94,"column":28}},"94":{"start":{"line":95,"column":0},"end":{"line":95,"column":31}},"95":{"start":{"line":96,"column":0},"end":{"line":96,"column":30}},"96":{"start":{"line":97,"column":0},"end":{"line":97,"column":32}},"97":{"start":{"line":98,"column":0},"end":{"line":98,"column":37}},"98":{"start":{"line":99,"column":0},"end":{"line":99,"column":36}},"99":{"start":{"line":100,"column":0},"end":{"line":100,"column":36}},"100":{"start":{"line":101,"column":0},"end":{"line":101,"column":9}},"101":{"start":{"line":102,"column":0},"end":{"line":102,"column":72}},"102":{"start":{"line":103,"column":0},"end":{"line":103,"column":6}},"103":{"start":{"line":104,"column":0},"end":{"line":104,"column":4}},"104":{"start":{"line":105,"column":0},"end":{"line":105,"column":1}}},"s":{"0":1,"8":1,"9":1,"10":1,"11":1,"12":1,"14":5,"15":5,"16":2,"17":2,"20":2,"21":2,"22":0,"23":0,"24":0,"25":0,"26":0,"27":0,"28":0,"31":2,"32":2,"33":0,"34":0,"35":0,"36":0,"37":0,"38":0,"40":2,"43":2,"44":2,"45":2,"46":2,"47":2,"48":2,"50":2,"51":1,"52":1,"53":1,"54":1,"55":1,"56":1,"57":1,"58":1,"59":1,"60":1,"61":2,"62":0,"63":0,"64":0,"67":1,"68":1,"70":1,"71":1,"72":1,"73":1,"74":2,"75":2,"76":2,"77":2,"78":2,"79":2,"80":2,"81":2,"82":0,"83":0,"84":0,"86":1,"87":1,"88":1,"89":1,"91":1,"92":1,"93":1,"94":1,"95":1,"96":1,"97":1,"98":1,"99":1,"100":1,"101":1,"102":1,"103":5,"104":5},"branchMap":{"0":{"type":"branch","line":15,"loc":{"start":{"line":15,"column":0},"end":{"line":105,"column":1}},"locations":[{"start":{"line":15,"column":0},"end":{"line":105,"column":1}}]},"1":{"type":"branch","line":16,"loc":{"start":{"line":16,"column":29},"end":{"line":104,"column":3}},"locations":[{"start":{"line":16,"column":29},"end":{"line":104,"column":3}}]},"2":{"type":"branch","line":22,"loc":{"start":{"line":22,"column":21},"end":{"line":29,"column":5}},"locations":[{"start":{"line":22,"column":21},"end":{"line":29,"column":5}}]},"3":{"type":"branch","line":33,"loc":{"start":{"line":33,"column":25},"end":{"line":39,"column":5}},"locations":[{"start":{"line":33,"column":25},"end":{"line":39,"column":5}}]},"4":{"type":"branch","line":51,"loc":{"start":{"line":51,"column":43},"end":{"line":61,"column":7}},"locations":[{"start":{"line":51,"column":43},"end":{"line":61,"column":7}}]},"5":{"type":"branch","line":62,"loc":{"start":{"line":62,"column":4},"end":{"line":65,"column":5}},"locations":[{"start":{"line":62,"column":4},"end":{"line":65,"column":5}}]},"6":{"type":"branch","line":65,"loc":{"start":{"line":65,"column":4},"end":{"line":75,"column":30}},"locations":[{"start":{"line":65,"column":4},"end":{"line":75,"column":30}}]},"7":{"type":"branch","line":75,"loc":{"start":{"line":75,"column":22},"end":{"line":75,"column":35}},"locations":[{"start":{"line":75,"column":22},"end":{"line":75,"column":35}}]},"8":{"type":"branch","line":81,"loc":{"start":{"line":81,"column":7},"end":{"line":82,"column":13}},"locations":[{"start":{"line":81,"column":7},"end":{"line":82,"column":13}}]},"9":{"type":"branch","line":82,"loc":{"start":{"line":82,"column":4},"end":{"line":85,"column":5}},"locations":[{"start":{"line":82,"column":4},"end":{"line":85,"column":5}}]},"10":{"type":"branch","line":85,"loc":{"start":{"line":85,"column":4},"end":{"line":103,"column":6}},"locations":[{"start":{"line":85,"column":4},"end":{"line":103,"column":6}}]}},"b":{"0":[5],"1":[2],"2":[0],"3":[0],"4":[1],"5":[0],"6":[1],"7":[0],"8":[1],"9":[0],"10":[1]},"fnMap":{"0":{"name":"registerRoute","decl":{"start":{"line":15,"column":0},"end":{"line":105,"column":1}},"loc":{"start":{"line":15,"column":0},"end":{"line":105,"column":1}},"line":15}},"f":{"0":5}}
}
