{"C:\\Users\\HP\\Documents\\projects\\architectural-infrastructure\\accounts\\services\\api\\src\\app.ts": {"path":"C:\\Users\\HP\\Documents\\projects\\architectural-infrastructure\\accounts\\services\\api\\src\\app.ts","all":false,"statementMap":{"0":{"start":{"line":1,"column":0},"end":{"line":1,"column":26}},"8":{"start":{"line":9,"column":0},"end":{"line":9,"column":43}},"10":{"start":{"line":11,"column":0},"end":{"line":11,"column":38}},"11":{"start":{"line":12,"column":0},"end":{"line":12,"column":41}},"12":{"start":{"line":13,"column":0},"end":{"line":13,"column":47}},"13":{"start":{"line":14,"column":0},"end":{"line":14,"column":44}},"14":{"start":{"line":15,"column":0},"end":{"line":15,"column":81}},"15":{"start":{"line":16,"column":0},"end":{"line":16,"column":78}},"16":{"start":{"line":17,"column":0},"end":{"line":17,"column":91}},"17":{"start":{"line":18,"column":0},"end":{"line":18,"column":22}},"18":{"start":{"line":19,"column":0},"end":{"line":19,"column":1}},"21":{"start":{"line":22,"column":0},"end":{"line":22,"column":66}},"23":{"start":{"line":24,"column":0},"end":{"line":24,"column":53}},"24":{"start":{"line":25,"column":0},"end":{"line":25,"column":39}},"27":{"start":{"line":28,"column":0},"end":{"line":28,"column":44}},"28":{"start":{"line":29,"column":0},"end":{"line":29,"column":27}},"31":{"start":{"line":32,"column":0},"end":{"line":32,"column":20}},"32":{"start":{"line":33,"column":0},"end":{"line":33,"column":38}},"33":{"start":{"line":34,"column":0},"end":{"line":34,"column":82}},"34":{"start":{"line":35,"column":0},"end":{"line":35,"column":6}},"35":{"start":{"line":36,"column":0},"end":{"line":36,"column":21}},"36":{"start":{"line":37,"column":0},"end":{"line":37,"column":98}},"37":{"start":{"line":38,"column":0},"end":{"line":38,"column":5}},"38":{"start":{"line":39,"column":0},"end":{"line":39,"column":3}},"40":{"start":{"line":41,"column":0},"end":{"line":41,"column":28}},"41":{"start":{"line":42,"column":0},"end":{"line":42,"column":27}},"43":{"start":{"line":44,"column":0},"end":{"line":44,"column":12}},"44":{"start":{"line":45,"column":0},"end":{"line":45,"column":1}}},"s":{"0":1,"8":1,"10":0,"11":0,"12":0,"13":0,"14":0,"15":0,"16":0,"17":0,"18":0,"21":1,"23":13,"24":13,"27":13,"28":13,"31":13,"32":0,"33":0,"34":0,"35":0,"36":0,"37":0,"38":0,"40":13,"41":13,"43":13,"44":13},"branchMap":{"0":{"type":"branch","line":24,"loc":{"start":{"line":24,"column":0},"end":{"line":45,"column":1}},"locations":[{"start":{"line":24,"column":0},"end":{"line":45,"column":1}}]},"1":{"type":"branch","line":28,"loc":{"start":{"line":28,"column":15},"end":{"line":28,"column":44}},"locations":[{"start":{"line":28,"column":15},"end":{"line":28,"column":44}}]},"2":{"type":"branch","line":32,"loc":{"start":{"line":32,"column":19},"end":{"line":39,"column":3}},"locations":[{"start":{"line":32,"column":19},"end":{"line":39,"column":3}}]}},"b":{"0":[13],"1":[0],"2":[0]},"fnMap":{"0":{"name":"getBaasClient","decl":{"start":{"line":11,"column":0},"end":{"line":19,"column":1}},"loc":{"start":{"line":11,"column":0},"end":{"line":19,"column":1}},"line":11},"1":{"name":"resetBaasInstance","decl":{"start":{"line":22,"column":7},"end":{"line":22,"column":66}},"loc":{"start":{"line":22,"column":7},"end":{"line":22,"column":66}},"line":22},"2":{"name":"buildApiApp","decl":{"start":{"line":24,"column":0},"end":{"line":45,"column":1}},"loc":{"start":{"line":24,"column":0},"end":{"line":45,"column":1}},"line":24},"3":{"name":"onAttempt","decl":{"start":{"line":34,"column":17},"end":{"line":34,"column":82}},"loc":{"start":{"line":34,"column":17},"end":{"line":34,"column":82}},"line":34}},"f":{"0":0,"1":0,"2":13,"3":0}}
,"C:\\Users\\HP\\Documents\\projects\\architectural-infrastructure\\accounts\\services\\api\\src\\lib\\jobs.ts": {"path":"C:\\Users\\HP\\Documents\\projects\\architectural-infrastructure\\accounts\\services\\api\\src\\lib\\jobs.ts","all":true,"statementMap":{"0":{"start":{"line":1,"column":0},"end":{"line":1,"column":31}},"16":{"start":{"line":17,"column":0},"end":{"line":17,"column":43}},"18":{"start":{"line":19,"column":0},"end":{"line":19,"column":43}},"19":{"start":{"line":20,"column":0},"end":{"line":20,"column":50}},"21":{"start":{"line":22,"column":0},"end":{"line":22,"column":68}},"24":{"start":{"line":25,"column":0},"end":{"line":25,"column":36}},"25":{"start":{"line":26,"column":0},"end":{"line":26,"column":36}},"26":{"start":{"line":27,"column":0},"end":{"line":27,"column":17}},"27":{"start":{"line":28,"column":0},"end":{"line":28,"column":29}},"28":{"start":{"line":29,"column":0},"end":{"line":29,"column":41}},"29":{"start":{"line":30,"column":0},"end":{"line":30,"column":42}},"30":{"start":{"line":31,"column":0},"end":{"line":31,"column":60}},"31":{"start":{"line":32,"column":0},"end":{"line":32,"column":6}},"32":{"start":{"line":33,"column":0},"end":{"line":33,"column":4}},"34":{"start":{"line":35,"column":0},"end":{"line":35,"column":26}},"35":{"start":{"line":36,"column":0},"end":{"line":36,"column":14}},"36":{"start":{"line":37,"column":0},"end":{"line":37,"column":1}},"39":{"start":{"line":40,"column":0},"end":{"line":40,"column":52}},"40":{"start":{"line":41,"column":0},"end":{"line":41,"column":64}},"41":{"start":{"line":42,"column":0},"end":{"line":42,"column":17}},"42":{"start":{"line":43,"column":0},"end":{"line":43,"column":1}},"60":{"start":{"line":61,"column":0},"end":{"line":61,"column":35}},"61":{"start":{"line":62,"column":0},"end":{"line":62,"column":19}},"62":{"start":{"line":63,"column":0},"end":{"line":63,"column":54}},"63":{"start":{"line":64,"column":0},"end":{"line":64,"column":35}},"64":{"start":{"line":65,"column":0},"end":{"line":65,"column":34}},"65":{"start":{"line":66,"column":0},"end":{"line":66,"column":1}},"75":{"start":{"line":76,"column":0},"end":{"line":76,"column":35}},"76":{"start":{"line":77,"column":0},"end":{"line":77,"column":26}},"77":{"start":{"line":78,"column":0},"end":{"line":78,"column":20}},"78":{"start":{"line":79,"column":0},"end":{"line":79,"column":21}},"79":{"start":{"line":80,"column":0},"end":{"line":80,"column":18}},"80":{"start":{"line":81,"column":0},"end":{"line":81,"column":30}},"81":{"start":{"line":82,"column":0},"end":{"line":82,"column":35}},"82":{"start":{"line":83,"column":0},"end":{"line":83,"column":69}},"83":{"start":{"line":84,"column":0},"end":{"line":84,"column":10}},"85":{"start":{"line":86,"column":0},"end":{"line":86,"column":24}},"86":{"start":{"line":87,"column":0},"end":{"line":87,"column":27}},"87":{"start":{"line":88,"column":0},"end":{"line":88,"column":17}},"88":{"start":{"line":89,"column":0},"end":{"line":89,"column":13}},"89":{"start":{"line":90,"column":0},"end":{"line":90,"column":3}},"90":{"start":{"line":91,"column":0},"end":{"line":91,"column":1}},"95":{"start":{"line":96,"column":0},"end":{"line":96,"column":41}},"96":{"start":{"line":97,"column":0},"end":{"line":97,"column":28}},"97":{"start":{"line":98,"column":0},"end":{"line":98,"column":21}},"98":{"start":{"line":99,"column":0},"end":{"line":99,"column":18}},"99":{"start":{"line":100,"column":0},"end":{"line":100,"column":39}},"100":{"start":{"line":101,"column":0},"end":{"line":101,"column":64}},"101":{"start":{"line":102,"column":0},"end":{"line":102,"column":1}},"107":{"start":{"line":108,"column":0},"end":{"line":108,"column":51}},"108":{"start":{"line":109,"column":0},"end":{"line":109,"column":38}},"109":{"start":{"line":110,"column":0},"end":{"line":110,"column":18}},"110":{"start":{"line":111,"column":0},"end":{"line":111,"column":18}},"111":{"start":{"line":112,"column":0},"end":{"line":112,"column":39}},"113":{"start":{"line":114,"column":0},"end":{"line":114,"column":49}},"114":{"start":{"line":115,"column":0},"end":{"line":115,"column":86}},"115":{"start":{"line":116,"column":0},"end":{"line":116,"column":1}}},"s":{"0":0,"16":0,"18":0,"19":0,"21":0,"24":0,"25":0,"26":0,"27":0,"28":0,"29":0,"30":0,"31":0,"32":0,"34":0,"35":0,"36":0,"39":0,"40":0,"41":0,"42":0,"60":0,"61":0,"62":0,"63":0,"64":0,"65":0,"75":0,"76":0,"77":0,"78":0,"79":0,"80":0,"81":0,"82":0,"83":0,"85":0,"86":0,"87":0,"88":0,"89":0,"90":0,"95":0,"96":0,"97":0,"98":0,"99":0,"100":0,"101":0,"107":0,"108":0,"109":0,"110":0,"111":0,"113":0,"114":0,"115":0},"branchMap":{"0":{"type":"branch","line":1,"loc":{"start":{"line":1,"column":3590},"end":{"line":116,"column":1}},"locations":[{"start":{"line":1,"column":3590},"end":{"line":116,"column":1}}]}},"b":{"0":[0]},"fnMap":{"0":{"name":"(empty-report)","decl":{"start":{"line":1,"column":3590},"end":{"line":116,"column":1}},"loc":{"start":{"line":1,"column":3590},"end":{"line":116,"column":1}},"line":1}},"f":{"0":0}}
,"C:\\Users\\HP\\Documents\\projects\\architectural-infrastructure\\accounts\\services\\api\\src\\plugins\\auth.ts": {"path":"C:\\Users\\HP\\Documents\\projects\\architectural-infrastructure\\accounts\\services\\api\\src\\plugins\\auth.ts","all":false,"statementMap":{"0":{"start":{"line":1,"column":0},"end":{"line":1,"column":35}},"13":{"start":{"line":14,"column":0},"end":{"line":14,"column":62}},"15":{"start":{"line":16,"column":0},"end":{"line":16,"column":59}},"16":{"start":{"line":17,"column":0},"end":{"line":17,"column":25}},"18":{"start":{"line":19,"column":0},"end":{"line":19,"column":44}},"19":{"start":{"line":20,"column":0},"end":{"line":20,"column":70}},"21":{"start":{"line":22,"column":0},"end":{"line":22,"column":76}},"22":{"start":{"line":23,"column":0},"end":{"line":23,"column":14}},"23":{"start":{"line":24,"column":0},"end":{"line":24,"column":1}},"53":{"start":{"line":54,"column":0},"end":{"line":54,"column":41}},"54":{"start":{"line":55,"column":0},"end":{"line":55,"column":24}},"55":{"start":{"line":56,"column":0},"end":{"line":56,"column":19}},"56":{"start":{"line":57,"column":0},"end":{"line":57,"column":18}},"57":{"start":{"line":58,"column":0},"end":{"line":58,"column":70}},"59":{"start":{"line":60,"column":0},"end":{"line":60,"column":85}},"61":{"start":{"line":62,"column":0},"end":{"line":62,"column":47}},"62":{"start":{"line":63,"column":0},"end":{"line":63,"column":78}},"65":{"start":{"line":66,"column":0},"end":{"line":66,"column":52}},"66":{"start":{"line":67,"column":0},"end":{"line":67,"column":17}},"67":{"start":{"line":68,"column":0},"end":{"line":68,"column":39}},"68":{"start":{"line":69,"column":0},"end":{"line":69,"column":29}},"69":{"start":{"line":70,"column":0},"end":{"line":70,"column":87}},"71":{"start":{"line":72,"column":0},"end":{"line":72,"column":17}},"72":{"start":{"line":73,"column":0},"end":{"line":73,"column":37}},"73":{"start":{"line":74,"column":0},"end":{"line":74,"column":42}},"74":{"start":{"line":75,"column":0},"end":{"line":75,"column":51}},"75":{"start":{"line":76,"column":0},"end":{"line":76,"column":78}},"76":{"start":{"line":77,"column":0},"end":{"line":77,"column":8}},"77":{"start":{"line":78,"column":0},"end":{"line":78,"column":5}},"80":{"start":{"line":81,"column":0},"end":{"line":81,"column":50}},"81":{"start":{"line":82,"column":0},"end":{"line":82,"column":9}},"82":{"start":{"line":83,"column":0},"end":{"line":83,"column":49}},"83":{"start":{"line":84,"column":0},"end":{"line":84,"column":47}},"85":{"start":{"line":86,"column":0},"end":{"line":86,"column":75}},"86":{"start":{"line":87,"column":0},"end":{"line":87,"column":73}},"88":{"start":{"line":89,"column":0},"end":{"line":89,"column":56}},"89":{"start":{"line":90,"column":0},"end":{"line":90,"column":15}},"90":{"start":{"line":91,"column":0},"end":{"line":91,"column":17}},"91":{"start":{"line":92,"column":0},"end":{"line":92,"column":74}},"92":{"start":{"line":93,"column":0},"end":{"line":93,"column":8}},"94":{"start":{"line":95,"column":0},"end":{"line":95,"column":67}},"95":{"start":{"line":96,"column":0},"end":{"line":96,"column":19}},"96":{"start":{"line":97,"column":0},"end":{"line":97,"column":58}},"97":{"start":{"line":98,"column":0},"end":{"line":98,"column":37}},"98":{"start":{"line":99,"column":0},"end":{"line":99,"column":43}},"99":{"start":{"line":100,"column":0},"end":{"line":100,"column":62}},"100":{"start":{"line":101,"column":0},"end":{"line":101,"column":78}},"101":{"start":{"line":102,"column":0},"end":{"line":102,"column":8}},"102":{"start":{"line":103,"column":0},"end":{"line":103,"column":5}},"105":{"start":{"line":106,"column":0},"end":{"line":106,"column":22}},"106":{"start":{"line":107,"column":0},"end":{"line":107,"column":11}},"107":{"start":{"line":108,"column":0},"end":{"line":108,"column":67}},"108":{"start":{"line":109,"column":0},"end":{"line":109,"column":22}},"109":{"start":{"line":110,"column":0},"end":{"line":110,"column":41}},"110":{"start":{"line":111,"column":0},"end":{"line":111,"column":47}},"111":{"start":{"line":112,"column":0},"end":{"line":112,"column":62}},"112":{"start":{"line":113,"column":0},"end":{"line":113,"column":82}},"113":{"start":{"line":114,"column":0},"end":{"line":114,"column":12}},"114":{"start":{"line":115,"column":0},"end":{"line":115,"column":9}},"115":{"start":{"line":116,"column":0},"end":{"line":116,"column":21}},"117":{"start":{"line":118,"column":0},"end":{"line":118,"column":89}},"118":{"start":{"line":119,"column":0},"end":{"line":119,"column":7}},"119":{"start":{"line":120,"column":0},"end":{"line":120,"column":5}},"122":{"start":{"line":123,"column":0},"end":{"line":123,"column":26}},"123":{"start":{"line":124,"column":0},"end":{"line":124,"column":4}},"124":{"start":{"line":125,"column":0},"end":{"line":125,"column":1}},"127":{"start":{"line":128,"column":0},"end":{"line":128,"column":40}},"128":{"start":{"line":129,"column":0},"end":{"line":129,"column":14}},"129":{"start":{"line":130,"column":0},"end":{"line":130,"column":1}}},"s":{"0":1,"13":1,"15":9,"16":9,"18":9,"19":9,"21":9,"22":9,"23":9,"53":13,"54":13,"55":13,"56":13,"57":13,"59":13,"61":13,"62":13,"65":10,"66":10,"67":13,"68":9,"69":1,"71":13,"72":1,"73":1,"74":1,"75":1,"76":1,"77":1,"80":9,"81":9,"82":9,"83":9,"85":13,"86":13,"88":9,"89":9,"90":9,"91":9,"92":9,"94":7,"95":13,"96":2,"97":2,"98":2,"99":2,"100":2,"101":2,"102":2,"105":7,"106":7,"107":7,"108":7,"109":1,"110":1,"111":1,"112":1,"113":1,"114":1,"115":7,"117":0,"118":0,"119":7,"122":6,"123":13,"124":13,"127":1,"128":13,"129":13},"branchMap":{"0":{"type":"branch","line":16,"loc":{"start":{"line":16,"column":0},"end":{"line":24,"column":1}},"locations":[{"start":{"line":16,"column":0},"end":{"line":24,"column":1}}]},"1":{"type":"branch","line":17,"loc":{"start":{"line":17,"column":13},"end":{"line":17,"column":25}},"locations":[{"start":{"line":17,"column":13},"end":{"line":17,"column":25}}]},"2":{"type":"branch","line":20,"loc":{"start":{"line":20,"column":19},"end":{"line":20,"column":70}},"locations":[{"start":{"line":20,"column":19},"end":{"line":20,"column":70}}]},"3":{"type":"branch","line":54,"loc":{"start":{"line":54,"column":0},"end":{"line":125,"column":1}},"locations":[{"start":{"line":54,"column":0},"end":{"line":125,"column":1}}]},"4":{"type":"branch","line":60,"loc":{"start":{"line":60,"column":28},"end":{"line":124,"column":3}},"locations":[{"start":{"line":60,"column":28},"end":{"line":124,"column":3}}]},"5":{"type":"branch","line":63,"loc":{"start":{"line":63,"column":51},"end":{"line":63,"column":69}},"locations":[{"start":{"line":63,"column":51},"end":{"line":63,"column":69}}]},"6":{"type":"branch","line":63,"loc":{"start":{"line":63,"column":72},"end":{"line":63,"column":78}},"locations":[{"start":{"line":63,"column":72},"end":{"line":63,"column":78}}]},"7":{"type":"branch","line":63,"loc":{"start":{"line":63,"column":72},"end":{"line":68,"column":18}},"locations":[{"start":{"line":63,"column":72},"end":{"line":68,"column":18}}]},"8":{"type":"branch","line":68,"loc":{"start":{"line":68,"column":6},"end":{"line":68,"column":29}},"locations":[{"start":{"line":68,"column":6},"end":{"line":68,"column":29}}]},"9":{"type":"branch","line":68,"loc":{"start":{"line":68,"column":38},"end":{"line":69,"column":29}},"locations":[{"start":{"line":68,"column":38},"end":{"line":69,"column":29}}]},"10":{"type":"branch","line":69,"loc":{"start":{"line":69,"column":28},"end":{"line":70,"column":87}},"locations":[{"start":{"line":69,"column":28},"end":{"line":70,"column":87}}]},"11":{"type":"branch","line":72,"loc":{"start":{"line":72,"column":16},"end":{"line":78,"column":5}},"locations":[{"start":{"line":72,"column":16},"end":{"line":78,"column":5}}]},"12":{"type":"branch","line":76,"loc":{"start":{"line":76,"column":44},"end":{"line":76,"column":78}},"locations":[{"start":{"line":76,"column":44},"end":{"line":76,"column":78}}]},"13":{"type":"branch","line":78,"loc":{"start":{"line":78,"column":4},"end":{"line":86,"column":27}},"locations":[{"start":{"line":78,"column":4},"end":{"line":86,"column":27}}]},"14":{"type":"branch","line":86,"loc":{"start":{"line":86,"column":21},"end":{"line":86,"column":75}},"locations":[{"start":{"line":86,"column":21},"end":{"line":86,"column":75}}]},"15":{"type":"branch","line":86,"loc":{"start":{"line":86,"column":74},"end":{"line":87,"column":27}},"locations":[{"start":{"line":86,"column":74},"end":{"line":87,"column":27}}]},"16":{"type":"branch","line":87,"loc":{"start":{"line":87,"column":21},"end":{"line":87,"column":73}},"locations":[{"start":{"line":87,"column":21},"end":{"line":87,"column":73}}]},"17":{"type":"branch","line":87,"loc":{"start":{"line":87,"column":72},"end":{"line":93,"column":8}},"locations":[{"start":{"line":87,"column":72},"end":{"line":93,"column":8}}]},"18":{"type":"branch","line":93,"loc":{"start":{"line":93,"column":7},"end":{"line":96,"column":13}},"locations":[{"start":{"line":93,"column":7},"end":{"line":96,"column":13}}]},"19":{"type":"branch","line":96,"loc":{"start":{"line":96,"column":4},"end":{"line":103,"column":5}},"locations":[{"start":{"line":96,"column":4},"end":{"line":103,"column":5}}]},"20":{"type":"branch","line":101,"loc":{"start":{"line":101,"column":44},"end":{"line":101,"column":78}},"locations":[{"start":{"line":101,"column":44},"end":{"line":101,"column":78}}]},"21":{"type":"branch","line":103,"loc":{"start":{"line":103,"column":4},"end":{"line":120,"column":5}},"locations":[{"start":{"line":103,"column":4},"end":{"line":120,"column":5}}]},"22":{"type":"branch","line":109,"loc":{"start":{"line":109,"column":21},"end":{"line":115,"column":9}},"locations":[{"start":{"line":109,"column":21},"end":{"line":115,"column":9}}]},"23":{"type":"branch","line":113,"loc":{"start":{"line":113,"column":48},"end":{"line":113,"column":82}},"locations":[{"start":{"line":113,"column":48},"end":{"line":113,"column":82}}]},"24":{"type":"branch","line":116,"loc":{"start":{"line":116,"column":6},"end":{"line":119,"column":7}},"locations":[{"start":{"line":116,"column":6},"end":{"line":119,"column":7}}]},"25":{"type":"branch","line":120,"loc":{"start":{"line":120,"column":4},"end":{"line":123,"column":26}},"locations":[{"start":{"line":120,"column":4},"end":{"line":123,"column":26}}]},"26":{"type":"branch","line":128,"loc":{"start":{"line":128,"column":7},"end":{"line":130,"column":1}},"locations":[{"start":{"line":128,"column":7},"end":{"line":130,"column":1}}]}},"b":{"0":[9],"1":[0],"2":[0],"3":[13],"4":[13],"5":[0],"6":[3],"7":[10],"8":[9],"9":[9],"10":[1],"11":[1],"12":[0],"13":[9],"14":[0],"15":[9],"16":[0],"17":[9],"18":[7],"19":[2],"20":[0],"21":[7],"22":[1],"23":[0],"24":[0],"25":[6],"26":[13]},"fnMap":{"0":{"name":"getJwks","decl":{"start":{"line":16,"column":0},"end":{"line":24,"column":1}},"loc":{"start":{"line":16,"column":0},"end":{"line":24,"column":1}},"line":16},"1":{"name":"registerAuthPlugin","decl":{"start":{"line":54,"column":0},"end":{"line":125,"column":1}},"loc":{"start":{"line":54,"column":0},"end":{"line":125,"column":1}},"line":54},"2":{"name":"resetJwksCache","decl":{"start":{"line":128,"column":7},"end":{"line":130,"column":1}},"loc":{"start":{"line":128,"column":7},"end":{"line":130,"column":1}},"line":128}},"f":{"0":9,"1":13,"2":13}}
,"C:\\Users\\HP\\Documents\\projects\\architectural-infrastructure\\accounts\\services\\api\\src\\plugins\\authorization.ts": {"path":"C:\\Users\\HP\\Documents\\projects\\architectural-infrastructure\\accounts\\services\\api\\src\\plugins\\authorization.ts","all":false,"statementMap":{"14":{"start":{"line":15,"column":0},"end":{"line":15,"column":63}},"15":{"start":{"line":16,"column":0},"end":{"line":16,"column":56}},"16":{"start":{"line":17,"column":0},"end":{"line":17,"column":1}},"21":{"start":{"line":22,"column":0},"end":{"line":22,"column":87}},"22":{"start":{"line":23,"column":0},"end":{"line":23,"column":40}},"23":{"start":{"line":24,"column":0},"end":{"line":24,"column":45}},"24":{"start":{"line":25,"column":0},"end":{"line":25,"column":1}},"35":{"start":{"line":36,"column":0},"end":{"line":36,"column":52}},"36":{"start":{"line":37,"column":0},"end":{"line":37,"column":35}},"37":{"start":{"line":38,"column":0},"end":{"line":38,"column":28}},"38":{"start":{"line":39,"column":0},"end":{"line":39,"column":26}},"39":{"start":{"line":40,"column":0},"end":{"line":40,"column":20}},"40":{"start":{"line":41,"column":0},"end":{"line":41,"column":29}},"41":{"start":{"line":42,"column":0},"end":{"line":42,"column":16}},"42":{"start":{"line":43,"column":0},"end":{"line":43,"column":37}},"43":{"start":{"line":44,"column":0},"end":{"line":44,"column":42}},"44":{"start":{"line":45,"column":0},"end":{"line":45,"column":54}},"45":{"start":{"line":46,"column":0},"end":{"line":46,"column":78}},"46":{"start":{"line":47,"column":0},"end":{"line":47,"column":8}},"47":{"start":{"line":48,"column":0},"end":{"line":48,"column":5}},"49":{"start":{"line":50,"column":0},"end":{"line":50,"column":38}},"51":{"start":{"line":52,"column":0},"end":{"line":52,"column":26}},"52":{"start":{"line":53,"column":0},"end":{"line":53,"column":67}},"53":{"start":{"line":54,"column":0},"end":{"line":54,"column":45}},"54":{"start":{"line":55,"column":0},"end":{"line":55,"column":7}},"55":{"start":{"line":56,"column":0},"end":{"line":56,"column":37}},"56":{"start":{"line":57,"column":0},"end":{"line":57,"column":48}},"57":{"start":{"line":58,"column":0},"end":{"line":58,"column":69}},"58":{"start":{"line":59,"column":0},"end":{"line":59,"column":78}},"59":{"start":{"line":60,"column":0},"end":{"line":60,"column":8}},"60":{"start":{"line":61,"column":0},"end":{"line":61,"column":5}},"61":{"start":{"line":62,"column":0},"end":{"line":62,"column":3}},"62":{"start":{"line":63,"column":0},"end":{"line":63,"column":1}},"71":{"start":{"line":72,"column":0},"end":{"line":72,"column":76}},"72":{"start":{"line":73,"column":0},"end":{"line":73,"column":35}},"73":{"start":{"line":74,"column":0},"end":{"line":74,"column":28}},"74":{"start":{"line":75,"column":0},"end":{"line":75,"column":26}},"75":{"start":{"line":76,"column":0},"end":{"line":76,"column":20}},"76":{"start":{"line":77,"column":0},"end":{"line":77,"column":29}},"77":{"start":{"line":78,"column":0},"end":{"line":78,"column":16}},"78":{"start":{"line":79,"column":0},"end":{"line":79,"column":37}},"79":{"start":{"line":80,"column":0},"end":{"line":80,"column":42}},"80":{"start":{"line":81,"column":0},"end":{"line":81,"column":54}},"81":{"start":{"line":82,"column":0},"end":{"line":82,"column":78}},"82":{"start":{"line":83,"column":0},"end":{"line":83,"column":8}},"83":{"start":{"line":84,"column":0},"end":{"line":84,"column":5}},"85":{"start":{"line":86,"column":0},"end":{"line":86,"column":81}},"86":{"start":{"line":87,"column":0},"end":{"line":87,"column":56}},"87":{"start":{"line":88,"column":0},"end":{"line":88,"column":55}},"89":{"start":{"line":90,"column":0},"end":{"line":90,"column":31}},"90":{"start":{"line":91,"column":0},"end":{"line":91,"column":37}},"91":{"start":{"line":92,"column":0},"end":{"line":92,"column":43}},"92":{"start":{"line":93,"column":0},"end":{"line":93,"column":81}},"93":{"start":{"line":94,"column":0},"end":{"line":94,"column":78}},"94":{"start":{"line":95,"column":0},"end":{"line":95,"column":8}},"95":{"start":{"line":96,"column":0},"end":{"line":96,"column":5}},"96":{"start":{"line":97,"column":0},"end":{"line":97,"column":3}},"97":{"start":{"line":98,"column":0},"end":{"line":98,"column":1}},"106":{"start":{"line":107,"column":0},"end":{"line":107,"column":29}},"107":{"start":{"line":108,"column":0},"end":{"line":108,"column":26}},"108":{"start":{"line":109,"column":0},"end":{"line":109,"column":24}},"109":{"start":{"line":110,"column":0},"end":{"line":110,"column":21}},"110":{"start":{"line":111,"column":0},"end":{"line":111,"column":12}},"111":{"start":{"line":112,"column":0},"end":{"line":112,"column":61}},"112":{"start":{"line":113,"column":0},"end":{"line":113,"column":28}},"113":{"start":{"line":114,"column":0},"end":{"line":114,"column":46}},"114":{"start":{"line":115,"column":0},"end":{"line":115,"column":67}},"115":{"start":{"line":116,"column":0},"end":{"line":116,"column":76}},"116":{"start":{"line":117,"column":0},"end":{"line":117,"column":6}},"117":{"start":{"line":118,"column":0},"end":{"line":118,"column":16}},"118":{"start":{"line":119,"column":0},"end":{"line":119,"column":3}},"119":{"start":{"line":120,"column":0},"end":{"line":120,"column":13}},"120":{"start":{"line":121,"column":0},"end":{"line":121,"column":1}}},"s":{"14":1,"15":19,"16":19,"21":1,"22":16,"23":16,"24":16,"35":1,"36":16,"37":9,"38":9,"39":9,"40":9,"41":9,"42":1,"43":1,"44":1,"45":1,"46":1,"47":1,"49":9,"51":2,"52":1,"53":1,"54":1,"55":2,"56":2,"57":2,"58":2,"59":2,"60":2,"61":9,"62":16,"71":1,"72":3,"73":3,"74":3,"75":3,"76":3,"77":3,"78":0,"79":0,"80":0,"81":0,"82":0,"83":0,"85":3,"86":3,"87":3,"89":3,"90":1,"91":1,"92":1,"93":1,"94":1,"95":1,"96":3,"97":3,"106":1,"107":2,"108":2,"109":2,"110":2,"111":2,"112":1,"113":1,"114":1,"115":1,"116":1,"117":1,"118":1,"119":1,"120":1},"branchMap":{"0":{"type":"branch","line":15,"loc":{"start":{"line":15,"column":7},"end":{"line":17,"column":1}},"locations":[{"start":{"line":15,"column":7},"end":{"line":17,"column":1}}]},"1":{"type":"branch","line":22,"loc":{"start":{"line":22,"column":7},"end":{"line":25,"column":1}},"locations":[{"start":{"line":22,"column":7},"end":{"line":25,"column":1}}]},"2":{"type":"branch","line":24,"loc":{"start":{"line":24,"column":24},"end":{"line":24,"column":44}},"locations":[{"start":{"line":24,"column":24},"end":{"line":24,"column":44}}]},"3":{"type":"branch","line":36,"loc":{"start":{"line":36,"column":7},"end":{"line":63,"column":1}},"locations":[{"start":{"line":36,"column":7},"end":{"line":63,"column":1}}]},"4":{"type":"branch","line":37,"loc":{"start":{"line":37,"column":9},"end":{"line":62,"column":3}},"locations":[{"start":{"line":37,"column":9},"end":{"line":62,"column":3}}]},"5":{"type":"branch","line":42,"loc":{"start":{"line":42,"column":15},"end":{"line":48,"column":5}},"locations":[{"start":{"line":42,"column":15},"end":{"line":48,"column":5}}]},"6":{"type":"branch","line":46,"loc":{"start":{"line":46,"column":44},"end":{"line":46,"column":78}},"locations":[{"start":{"line":46,"column":44},"end":{"line":46,"column":78}}]},"7":{"type":"branch","line":48,"loc":{"start":{"line":48,"column":4},"end":{"line":50,"column":37}},"locations":[{"start":{"line":48,"column":4},"end":{"line":50,"column":37}}]},"8":{"type":"branch","line":50,"loc":{"start":{"line":50,"column":37},"end":{"line":61,"column":5}},"locations":[{"start":{"line":50,"column":37},"end":{"line":61,"column":5}}]},"9":{"type":"branch","line":52,"loc":{"start":{"line":52,"column":14},"end":{"line":55,"column":7}},"locations":[{"start":{"line":52,"column":14},"end":{"line":55,"column":7}}]},"10":{"type":"branch","line":59,"loc":{"start":{"line":59,"column":44},"end":{"line":59,"column":78}},"locations":[{"start":{"line":59,"column":44},"end":{"line":59,"column":78}}]},"11":{"type":"branch","line":72,"loc":{"start":{"line":72,"column":7},"end":{"line":98,"column":1}},"locations":[{"start":{"line":72,"column":7},"end":{"line":98,"column":1}}]},"12":{"type":"branch","line":73,"loc":{"start":{"line":73,"column":9},"end":{"line":97,"column":3}},"locations":[{"start":{"line":73,"column":9},"end":{"line":97,"column":3}}]},"13":{"type":"branch","line":78,"loc":{"start":{"line":78,"column":15},"end":{"line":84,"column":5}},"locations":[{"start":{"line":78,"column":15},"end":{"line":84,"column":5}}]},"14":{"type":"branch","line":90,"loc":{"start":{"line":90,"column":9},"end":{"line":90,"column":30}},"locations":[{"start":{"line":90,"column":9},"end":{"line":90,"column":30}}]},"15":{"type":"branch","line":90,"loc":{"start":{"line":90,"column":30},"end":{"line":96,"column":5}},"locations":[{"start":{"line":90,"column":30},"end":{"line":96,"column":5}}]},"16":{"type":"branch","line":94,"loc":{"start":{"line":94,"column":44},"end":{"line":94,"column":78}},"locations":[{"start":{"line":94,"column":44},"end":{"line":94,"column":78}}]},"17":{"type":"branch","line":107,"loc":{"start":{"line":107,"column":7},"end":{"line":121,"column":1}},"locations":[{"start":{"line":107,"column":7},"end":{"line":121,"column":1}}]},"18":{"type":"branch","line":112,"loc":{"start":{"line":112,"column":60},"end":{"line":121,"column":1}},"locations":[{"start":{"line":112,"column":60},"end":{"line":121,"column":1}}]},"19":{"type":"branch","line":116,"loc":{"start":{"line":116,"column":42},"end":{"line":116,"column":76}},"locations":[{"start":{"line":116,"column":42},"end":{"line":116,"column":76}}]}},"b":{"0":[19],"1":[16],"2":[18],"3":[16],"4":[9],"5":[1],"6":[0],"7":[8],"8":[2],"9":[1],"10":[0],"11":[3],"12":[3],"13":[0],"14":[2],"15":[1],"16":[0],"17":[2],"18":[1],"19":[0]},"fnMap":{"0":{"name":"parseScopes","decl":{"start":{"line":15,"column":7},"end":{"line":17,"column":1}},"loc":{"start":{"line":15,"column":7},"end":{"line":17,"column":1}},"line":15},"1":{"name":"hasScopes","decl":{"start":{"line":22,"column":7},"end":{"line":25,"column":1}},"loc":{"start":{"line":22,"column":7},"end":{"line":25,"column":1}},"line":22},"2":{"name":"requireScopes","decl":{"start":{"line":36,"column":7},"end":{"line":63,"column":1}},"loc":{"start":{"line":36,"column":7},"end":{"line":63,"column":1}},"line":36},"3":{"name":"scopeGuard","decl":{"start":{"line":37,"column":9},"end":{"line":62,"column":3}},"loc":{"start":{"line":37,"column":9},"end":{"line":62,"column":3}},"line":37},"4":{"name":"requireOwnerOrScope","decl":{"start":{"line":72,"column":7},"end":{"line":98,"column":1}},"loc":{"start":{"line":72,"column":7},"end":{"line":98,"column":1}},"line":72},"5":{"name":"ownerGuard","decl":{"start":{"line":73,"column":9},"end":{"line":97,"column":3}},"loc":{"start":{"line":73,"column":9},"end":{"line":97,"column":3}},"line":73},"6":{"name":"assertScopes","decl":{"start":{"line":107,"column":7},"end":{"line":121,"column":1}},"loc":{"start":{"line":107,"column":7},"end":{"line":121,"column":1}},"line":107}},"f":{"0":19,"1":16,"2":16,"3":9,"4":3,"5":3,"6":2}}
,"C:\\Users\\HP\\Documents\\projects\\architectural-infrastructure\\accounts\\services\\api\\src\\routes\\index.ts": {"path":"C:\\Users\\HP\\Documents\\projects\\architectural-infrastructure\\accounts\\services\\api\\src\\routes\\index.ts","all":false,"statementMap":{"0":{"start":{"line":1,"column":0},"end":{"line":1,"column":35}},"5":{"start":{"line":6,"column":0},"end":{"line":6,"column":38}},"6":{"start":{"line":7,"column":0},"end":{"line":7,"column":42}},"8":{"start":{"line":9,"column":0},"end":{"line":9,"column":60}},"9":{"start":{"line":10,"column":0},"end":{"line":10,"column":32}},"12":{"start":{"line":13,"column":0},"end":{"line":13,"column":48}},"13":{"start":{"line":14,"column":0},"end":{"line":14,"column":9}},"14":{"start":{"line":15,"column":0},"end":{"line":15,"column":60}},"15":{"start":{"line":16,"column":0},"end":{"line":16,"column":57}},"16":{"start":{"line":17,"column":0},"end":{"line":17,"column":19}},"17":{"start":{"line":18,"column":0},"end":{"line":18,"column":51}},"18":{"start":{"line":19,"column":0},"end":{"line":19,"column":74}},"19":{"start":{"line":20,"column":0},"end":{"line":20,"column":5}},"20":{"start":{"line":21,"column":0},"end":{"line":21,"column":4}},"23":{"start":{"line":24,"column":0},"end":{"line":24,"column":49}},"24":{"start":{"line":25,"column":0},"end":{"line":25,"column":9}},"25":{"start":{"line":26,"column":0},"end":{"line":26,"column":56}},"26":{"start":{"line":27,"column":0},"end":{"line":27,"column":37}},"27":{"start":{"line":28,"column":0},"end":{"line":28,"column":19}},"28":{"start":{"line":29,"column":0},"end":{"line":29,"column":40}},"29":{"start":{"line":30,"column":0},"end":{"line":30,"column":5}},"30":{"start":{"line":31,"column":0},"end":{"line":31,"column":4}},"34":{"start":{"line":35,"column":0},"end":{"line":35,"column":10}},"35":{"start":{"line":36,"column":0},"end":{"line":36,"column":10}},"36":{"start":{"line":37,"column":0},"end":{"line":37,"column":45}},"37":{"start":{"line":38,"column":0},"end":{"line":38,"column":31}},"38":{"start":{"line":39,"column":0},"end":{"line":39,"column":49}},"40":{"start":{"line":41,"column":0},"end":{"line":41,"column":11}},"41":{"start":{"line":42,"column":0},"end":{"line":42,"column":47}},"42":{"start":{"line":43,"column":0},"end":{"line":43,"column":56}},"43":{"start":{"line":44,"column":0},"end":{"line":44,"column":37}},"44":{"start":{"line":45,"column":0},"end":{"line":45,"column":19}},"45":{"start":{"line":46,"column":0},"end":{"line":46,"column":20}},"47":{"start":{"line":48,"column":0},"end":{"line":48,"column":30}},"48":{"start":{"line":49,"column":0},"end":{"line":49,"column":51}},"49":{"start":{"line":50,"column":0},"end":{"line":50,"column":41}},"50":{"start":{"line":51,"column":0},"end":{"line":51,"column":47}},"51":{"start":{"line":52,"column":0},"end":{"line":52,"column":57}},"52":{"start":{"line":53,"column":0},"end":{"line":53,"column":82}},"53":{"start":{"line":54,"column":0},"end":{"line":54,"column":12}},"54":{"start":{"line":55,"column":0},"end":{"line":55,"column":9}},"56":{"start":{"line":57,"column":0},"end":{"line":57,"column":39}},"57":{"start":{"line":58,"column":0},"end":{"line":58,"column":29}},"58":{"start":{"line":59,"column":0},"end":{"line":59,"column":32}},"59":{"start":{"line":60,"column":0},"end":{"line":60,"column":39}},"60":{"start":{"line":61,"column":0},"end":{"line":61,"column":33}},"61":{"start":{"line":62,"column":0},"end":{"line":62,"column":37}},"62":{"start":{"line":63,"column":0},"end":{"line":63,"column":10}},"63":{"start":{"line":64,"column":0},"end":{"line":64,"column":21}},"64":{"start":{"line":65,"column":0},"end":{"line":65,"column":66}},"65":{"start":{"line":66,"column":0},"end":{"line":66,"column":39}},"66":{"start":{"line":67,"column":0},"end":{"line":67,"column":44}},"67":{"start":{"line":68,"column":0},"end":{"line":68,"column":73}},"68":{"start":{"line":69,"column":0},"end":{"line":69,"column":10}},"69":{"start":{"line":70,"column":0},"end":{"line":70,"column":7}},"70":{"start":{"line":71,"column":0},"end":{"line":71,"column":6}},"71":{"start":{"line":72,"column":0},"end":{"line":72,"column":3}},"78":{"start":{"line":79,"column":0},"end":{"line":79,"column":1}}},"s":{"0":1,"5":1,"6":1,"8":13,"9":13,"12":13,"13":2,"14":2,"15":1,"16":1,"17":1,"18":1,"19":1,"20":13,"23":13,"24":1,"25":1,"26":1,"27":1,"28":0,"29":0,"30":13,"34":13,"35":13,"36":13,"37":13,"38":5,"40":5,"41":5,"42":5,"43":5,"44":5,"45":5,"47":4,"48":5,"49":1,"50":1,"51":1,"52":1,"53":1,"54":1,"56":3,"57":3,"58":3,"59":5,"60":5,"61":5,"62":5,"63":5,"64":1,"65":1,"66":1,"67":1,"68":1,"69":1,"70":5,"71":13,"78":13},"branchMap":{"0":{"type":"branch","line":9,"loc":{"start":{"line":9,"column":0},"end":{"line":79,"column":1}},"locations":[{"start":{"line":9,"column":0},"end":{"line":79,"column":1}}]},"1":{"type":"branch","line":13,"loc":{"start":{"line":13,"column":21},"end":{"line":21,"column":3}},"locations":[{"start":{"line":13,"column":21},"end":{"line":21,"column":3}}]},"2":{"type":"branch","line":15,"loc":{"start":{"line":15,"column":59},"end":{"line":20,"column":5}},"locations":[{"start":{"line":15,"column":59},"end":{"line":20,"column":5}}]},"3":{"type":"branch","line":24,"loc":{"start":{"line":24,"column":22},"end":{"line":31,"column":3}},"locations":[{"start":{"line":24,"column":22},"end":{"line":31,"column":3}}]},"4":{"type":"branch","line":28,"loc":{"start":{"line":28,"column":4},"end":{"line":30,"column":5}},"locations":[{"start":{"line":28,"column":4},"end":{"line":30,"column":5}}]},"5":{"type":"branch","line":38,"loc":{"start":{"line":38,"column":4},"end":{"line":71,"column":6}},"locations":[{"start":{"line":38,"column":4},"end":{"line":71,"column":6}}]},"6":{"type":"branch","line":46,"loc":{"start":{"line":46,"column":19},"end":{"line":48,"column":30}},"locations":[{"start":{"line":46,"column":19},"end":{"line":48,"column":30}}]},"7":{"type":"branch","line":49,"loc":{"start":{"line":49,"column":13},"end":{"line":49,"column":50}},"locations":[{"start":{"line":49,"column":13},"end":{"line":49,"column":50}}]},"8":{"type":"branch","line":49,"loc":{"start":{"line":49,"column":50},"end":{"line":55,"column":9}},"locations":[{"start":{"line":49,"column":50},"end":{"line":55,"column":9}}]},"9":{"type":"branch","line":53,"loc":{"start":{"line":53,"column":48},"end":{"line":53,"column":82}},"locations":[{"start":{"line":53,"column":48},"end":{"line":53,"column":82}}]},"10":{"type":"branch","line":55,"loc":{"start":{"line":55,"column":8},"end":{"line":60,"column":34}},"locations":[{"start":{"line":55,"column":8},"end":{"line":60,"column":34}}]},"11":{"type":"branch","line":60,"loc":{"start":{"line":60,"column":26},"end":{"line":60,"column":39}},"locations":[{"start":{"line":60,"column":26},"end":{"line":60,"column":39}}]},"12":{"type":"branch","line":64,"loc":{"start":{"line":64,"column":6},"end":{"line":70,"column":7}},"locations":[{"start":{"line":64,"column":6},"end":{"line":70,"column":7}}]},"13":{"type":"branch","line":68,"loc":{"start":{"line":68,"column":39},"end":{"line":68,"column":73}},"locations":[{"start":{"line":68,"column":39},"end":{"line":68,"column":73}}]}},"b":{"0":[13],"1":[2],"2":[1],"3":[1],"4":[0],"5":[5],"6":[4],"7":[4],"8":[1],"9":[0],"10":[3],"11":[0],"12":[1],"13":[0]},"fnMap":{"0":{"name":"registerRoutes","decl":{"start":{"line":9,"column":0},"end":{"line":79,"column":1}},"loc":{"start":{"line":9,"column":0},"end":{"line":79,"column":1}},"line":9}},"f":{"0":13}}
}
